v8-version,6,6,0,0,1
shared-library,/Users/iamdustan/projects/oss/v8/out.gn/x64.optdebug/d8,0x10a574e60,0x10a58f4d2,173490176
shared-library,/Users/iamdustan/projects/oss/v8/out.gn/x64.optdebug/./libv8.dylib,0x10a5c75c0,0x10b4012a0,4468793344
shared-library,/Users/iamdustan/projects/oss/v8/out.gn/x64.optdebug/./libv8_libbase.dylib,0x10bf26cf0,0x10bf3742b,4495400960
shared-library,/Users/iamdustan/projects/oss/v8/out.gn/x64.optdebug/./libv8_libplatform.dylib,0x10bf57cb0,0x10bf633c0,4495601664
shared-library,/Users/iamdustan/projects/oss/v8/out.gn/x64.optdebug/./libicui18n.dylib,0x10c174020,0x10c3697ab,4497813504
shared-library,/Users/iamdustan/projects/oss/v8/out.gn/x64.optdebug/./libicuuc.dylib,0x10c5d1930,0x10c706bda,4502392832
shared-library,/usr/lib/libc++.1.dylib,0x7fff6a4a9f40,0x7fff6a4f12b0,488607744
shared-library,/usr/lib/libSystem.B.dylib,0x7fff6a27694a,0x7fff6a276b2e,488607744
shared-library,/usr/lib/libc++abi.dylib,0x7fff6a501600,0x7fff6a51fd64,488607744
shared-library,/usr/lib/system/libcache.dylib,0x7fff6c311b08,0x7fff6c31456d,488607744
shared-library,/usr/lib/system/libcommonCrypto.dylib,0x7fff6c316c6c,0x7fff6c31fde1,488607744
shared-library,/usr/lib/system/libcompiler_rt.dylib,0x7fff6c321ef4,0x7fff6c326a8b,488607744
shared-library,/usr/lib/system/libcopyfile.dylib,0x7fff6c329d48,0x7fff6c33059c,488607744
shared-library,/usr/lib/system/libcorecrypto.dylib,0x7fff6c332e80,0x7fff6c397ab9,488607744
shared-library,/usr/lib/system/libdispatch.dylib,0x7fff6c4409a0,0x7fff6c46b96e,488607744
shared-library,/usr/lib/system/libdyld.dylib,0x7fff6c47a114,0x7fff6c492414,488607744
shared-library,/usr/lib/system/libkeymgr.dylib,0x7fff6c497a51,0x7fff6c497e80,488607744
shared-library,/usr/lib/system/liblaunch.dylib,0x7fff6c4a5fc0,0x7fff6c4a5fc0,488607744
shared-library,/usr/lib/system/libmacho.dylib,0x7fff6c4a66e8,0x7fff6c4aa9dc,488607744
shared-library,/usr/lib/system/libquarantine.dylib,0x7fff6c4ac26e,0x7fff6c4adb42,488607744
shared-library,/usr/lib/system/libremovefile.dylib,0x7fff6c4ae944,0x7fff6c4afc73,488607744
shared-library,/usr/lib/system/libsystem_asl.dylib,0x7fff6c4b174c,0x7fff6c4c6154,488607744
shared-library,/usr/lib/system/libsystem_blocks.dylib,0x7fff6c4c885d,0x7fff6c4c8d0e,488607744
shared-library,/usr/lib/system/libsystem_c.dylib,0x7fff6c4ca300,0x7fff6c54b1c7,488607744
shared-library,/usr/lib/system/libsystem_configuration.dylib,0x7fff6c553e04,0x7fff6c5566c0,488607744
shared-library,/usr/lib/system/libsystem_coreservices.dylib,0x7fff6c5582d0,0x7fff6c55a3eb,488607744
shared-library,/usr/lib/system/libsystem_darwin.dylib,0x7fff6c55bfda,0x7fff6c55cc44,488607744
shared-library,/usr/lib/system/libsystem_dnssd.dylib,0x7fff6c55df3c,0x7fff6c5624cd,488607744
shared-library,/usr/lib/system/libsystem_info.dylib,0x7fff6c5651f0,0x7fff6c5aa41e,488607744
shared-library,/usr/lib/system/libsystem_m.dylib,0x7fff6c5d5140,0x7fff6c605143,488607744
shared-library,/usr/lib/system/libsystem_malloc.dylib,0x7fff6c621294,0x7fff6c63a31d,488607744
shared-library,/usr/lib/system/libsystem_network.dylib,0x7fff6c641360,0x7fff6c6b6ce7,488607744
shared-library,/usr/lib/system/libsystem_networkextension.dylib,0x7fff6c6e5dbb,0x7fff6c6ed82e,488607744
shared-library,/usr/lib/system/libsystem_notify.dylib,0x7fff6c6f1148,0x7fff6c6f983e,488607744
shared-library,/usr/lib/system/libsystem_sandbox.dylib,0x7fff6c70ef40,0x7fff6c71151d,488607744
shared-library,/usr/lib/system/libsystem_secinit.dylib,0x7fff6c712a1f,0x7fff6c713588,488607744
shared-library,/usr/lib/system/libsystem_kernel.dylib,0x7fff6c5ae720,0x7fff6c5cba2d,488607744
shared-library,/usr/lib/system/libsystem_platform.dylib,0x7fff6c6fa820,0x7fff6c70038d,488607744
shared-library,/usr/lib/system/libsystem_pthread.dylib,0x7fff6c703018,0x7fff6c70b17d,488607744
shared-library,/usr/lib/system/libsystem_symptoms.dylib,0x7fff6c714938,0x7fff6c71a31e,488607744
shared-library,/usr/lib/system/libsystem_trace.dylib,0x7fff6c71d1cc,0x7fff6c72cc9d,488607744
shared-library,/usr/lib/system/libunwind.dylib,0x7fff6c73196c,0x7fff6c7362a7,488607744
shared-library,/usr/lib/system/libxpc.dylib,0x7fff6c738178,0x7fff6c758a56,488607744
shared-library,/usr/lib/closure/libclosured.dylib,0x7fff69d63e50,0x7fff69d8e689,488607744
shared-library,/usr/lib/libobjc.A.dylib,0x7fff6b877000,0x7fff6b89865a,488607744
tick,0x10c0f020c,1182,0,0x0,6
profiler,begin,1000
tick,0x7fff6c5c9ec2,6863,0,0x0,6
tick,0x10acf04e0,7099,0,0x0,6
tick,0x7fff6c5c9ec2,13008,0,0x0,6
tick,0x10acf04e0,13329,0,0x0,1
tick,0x10acf04e0,14620,0,0x0,1
tick,0x10b1be982,15911,0,0x0,6
tick,0x10b1bf6ab,16929,0,0x0,6
tick,0x10ac968c9,18218,0,0x0,6
code-creation,Stub,2,18334,0x6fd46e84060,587,InternalArraySingleArgumentConstructorStub
code-creation,Stub,2,18361,0x6fd46e84320,309,CEntryStub
code-creation,Stub,2,18379,0x6fd46e844c0,1116,StoreFastElementStub
code-creation,Stub,2,18390,0x6fd46e84980,619,ArraySingleArgumentConstructorStub
code-creation,Stub,2,18403,0x6fd46e84c60,1132,StoreFastElementStub
code-creation,Stub,2,18414,0x6fd46e85140,319,ArrayNoArgumentConstructorStub
code-creation,Stub,2,18425,0x6fd46e852e0,579,ArraySingleArgumentConstructorStub
code-creation,Stub,2,18437,0x6fd46e855a0,588,StoreFastElementStub
code-creation,Stub,2,18447,0x6fd46e85860,193,InternalArrayConstructorStub
code-creation,Stub,2,18458,0x6fd46e859a0,251,InternalArrayNoArgumentConstructorStub
code-creation,Stub,2,18469,0x6fd46e85b00,547,InternalArraySingleArgumentConstructorStub
code-creation,Stub,2,18481,0x6fd46e85da0,27,ArrayNArgumentsConstructorStub
code-creation,Stub,2,18492,0x6fd46e85e20,251,InternalArrayNoArgumentConstructorStub
code-creation,Stub,2,18503,0x6fd46e85f80,591,ArraySingleArgumentConstructorStub
code-creation,Stub,2,18515,0x6fd46e86240,1020,StoreFastElementStub
code-creation,Stub,2,18525,0x6fd46e866a0,488,StoreFastElementStub
code-creation,Stub,2,18535,0x6fd46e86900,579,ArraySingleArgumentConstructorStub
code-creation,Stub,2,18546,0x6fd46e86bc0,292,CEntryStub
code-creation,Stub,2,18556,0x6fd46e86d60,234,JSEntryStub
code-creation,Stub,2,18565,0x6fd46e86ec0,1112,StoreFastElementStub
code-creation,Stub,2,18575,0x6fd46e87380,619,ArraySingleArgumentConstructorStub
code-creation,Stub,2,18587,0x6fd46e87660,412,CallApiCallbackStub
code-creation,Stub,2,18597,0x6fd46e87860,540,StoreFastElementStub
code-creation,Stub,2,18607,0x6fd46e87ae0,675,ArraySingleArgumentConstructorStub
code-creation,Stub,2,18618,0x6fd46e87e00,1012,StoreFastElementStub
code-creation,Stub,2,18628,0x6fd46e88260,412,CallApiCallbackStub
code-creation,Stub,2,18638,0x6fd46e88460,351,ArrayNoArgumentConstructorStub
code-creation,Stub,2,18649,0x6fd46e88620,1064,TransitionElementsKindStub
code-creation,Stub,2,18660,0x6fd46e88ac0,234,JSEntryStub
code-creation,Stub,2,18670,0x6fd46e88c20,87,DoubleToIStub
code-creation,Stub,2,18679,0x6fd46e88ce0,859,StringAddStub
code-creation,Stub,2,18689,0x6fd46e890a0,2560,StringAddStub
code-creation,Stub,2,18699,0x6fd46e89b00,715,ArraySingleArgumentConstructorStub
code-creation,Stub,2,18710,0x6fd46e89e40,411,CallApiGetterStub
code-creation,Stub,2,18720,0x6fd46e8a040,292,CEntryStub
code-creation,Stub,2,18730,0x6fd46e8a1e0,351,ArrayNoArgumentConstructorStub
code-creation,Stub,2,18741,0x6fd46e8a3a0,492,CEntryStub
code-creation,Stub,2,18750,0x6fd46e8a600,87,DoubleToIStub
code-creation,Stub,2,18760,0x6fd46e8a6c0,299,ArrayNoArgumentConstructorStub
code-creation,Stub,2,18771,0x6fd46e8a860,552,StoreFastElementStub
code-creation,Stub,2,18781,0x6fd46e8ab00,234,JSEntryStub
code-creation,Stub,2,18790,0x6fd46e8ac60,309,CEntryStub
code-creation,Stub,2,18800,0x6fd46e8ae00,319,ArrayNoArgumentConstructorStub
code-creation,Stub,2,18811,0x6fd46e8afa0,268,MathPowStub
code-creation,Stub,2,18820,0x6fd46e8b120,5872,GetPropertyStub
code-creation,Stub,2,18830,0x6fd46e8c880,588,StoreFastElementStub
code-creation,Stub,2,18840,0x6fd46e8cb40,494,ArrayConstructorStub
code-creation,Stub,2,18850,0x6fd46e8cda0,299,ArrayNoArgumentConstructorStub
code-creation,Stub,2,18861,0x6fd46e8cf40,299,ArrayNoArgumentConstructorStub
code-creation,Stub,2,18872,0x6fd46e8d0e0,627,ArraySingleArgumentConstructorStub
code-creation,Stub,2,18883,0x6fd46e8d3c0,299,ArrayNoArgumentConstructorStub
code-creation,Stub,2,18894,0x6fd46e8d560,1068,StoreFastElementStub
code-creation,Stub,2,18923,0x6fd46e8da00,843,StringAddStub
code-creation,Stub,2,18934,0x6fd46e8ddc0,87,DoubleToIStub
code-creation,Stub,2,18944,0x6fd46e8de80,1128,StoreFastElementStub
code-creation,Stub,2,18954,0x6fd46e8e360,540,StoreFastElementStub
code-creation,Stub,2,18964,0x6fd46e8e5e0,309,CEntryStub
code-creation,Stub,2,18974,0x6fd46e8e780,488,StoreFastElementStub
code-creation,Builtin,3,18984,0x6fd46e8ee60,568,DeserializeLazy
code-creation,Builtin,3,18997,0x6fd46e8f100,1500,RecordWrite
code-creation,Builtin,3,19007,0x6fd46e8f740,84,AdaptorWithExitFrame
code-creation,Builtin,3,19017,0x6fd46e8f800,84,AdaptorWithBuiltinExitFrame
code-creation,Builtin,3,19028,0x6fd46e8f8c0,243,ArgumentsAdaptorTrampoline
code-creation,Builtin,3,19039,0x6fd46e8fa20,361,CallFunction_ReceiverIsNullOrUndefined
code-creation,Builtin,3,19051,0x6fd46e8fc00,485,CallFunction_ReceiverIsNotNullOrUndefined
code-creation,Builtin,3,19062,0x6fd46e8fe60,507,CallFunction_ReceiverIsAny
code-creation,Builtin,3,19073,0x6fd46e900c0,223,CallBoundFunction
code-creation,Builtin,3,19083,0x6fd46e90200,176,Call_ReceiverIsNullOrUndefined
code-creation,Builtin,3,19094,0x6fd46e90320,176,Call_ReceiverIsNotNullOrUndefined
code-creation,Builtin,3,19105,0x6fd46e90440,176,Call_ReceiverIsAny
code-creation,Builtin,3,19116,0x6fd46e90560,1236,CallProxy
code-creation,Builtin,3,19125,0x6fd46e90aa0,132,CallVarargs
code-creation,Builtin,3,19135,0x6fd46e90ba0,1744,CallWithSpread
code-creation,Builtin,3,19145,0x6fd46e912e0,1620,CallWithArrayLike
code-creation,Builtin,3,19155,0x6fd46e919a0,102,CallForwardVarargs
code-creation,Builtin,3,19165,0x6fd46e91a80,102,CallFunctionForwardVarargs
code-creation,Builtin,3,19176,0x6fd46e91b60,70,ConstructFunction
code-creation,Builtin,3,19186,0x6fd46e91c20,223,ConstructBoundFunction
code-creation,Builtin,3,19196,0x6fd46e91d60,98,ConstructedNonConstructable
code-creation,Builtin,3,19207,0x6fd46e91e40,79,Construct
code-creation,Builtin,3,19217,0x6fd46e91f00,132,ConstructVarargs
code-creation,Builtin,3,19227,0x6fd46e92000,1760,ConstructWithSpread
code-creation,Builtin,3,19237,0x6fd46e92740,1736,ConstructWithArrayLike
code-creation,Builtin,3,19248,0x6fd46e92e80,188,ConstructForwardVarargs
code-creation,Builtin,3,19258,0x6fd46e92fa0,188,ConstructFunctionForwardVarargs
code-creation,Builtin,3,19270,0x6fd46e930c0,216,JSConstructStubApi
code-creation,Builtin,3,19280,0x6fd46e93200,311,JSConstructStubGenericRestrictedReturn
code-creation,Builtin,3,19291,0x6fd46e933a0,330,JSConstructStubGenericUnrestrictedReturn
code-creation,Builtin,3,19303,0x6fd46e93560,216,JSBuiltinsConstructStub
code-creation,Builtin,3,19314,0x6fd46e936a0,1417,FastNewObject
code-creation,Builtin,3,19324,0x6fd46e93ca0,756,FastNewClosure
code-creation,Builtin,3,19334,0x6fd46e94000,283,FastNewFunctionContextEval
code-creation,Builtin,3,19344,0x6fd46e94180,279,FastNewFunctionContextFunction
code-creation,Builtin,3,19355,0x6fd46e94300,278,CreateRegExpLiteral
code-creation,Builtin,3,19366,0x6fd46e94480,910,CreateEmptyArrayLiteral
code-creation,Builtin,3,19376,0x6fd46e94880,1976,CreateShallowArrayLiteral
code-creation,Builtin,3,19387,0x6fd46e950a0,2040,CreateShallowObjectLiteral
code-creation,Builtin,3,19398,0x6fd46e95900,1284,ConstructProxy
code-creation,Builtin,3,19408,0x6fd46e95e80,177,JSEntryTrampoline
code-creation,Builtin,3,19418,0x6fd46e95fa0,177,JSConstructEntryTrampoline
code-creation,Builtin,3,19428,0x6fd46e960c0,662,ResumeGeneratorTrampoline
code-creation,Builtin,3,19439,0x6fd46e963c0,17,InterruptCheck
code-creation,Builtin,3,19449,0x6fd46e96440,17,StackCheck
code-creation,Builtin,3,19459,0x6fd46e964c0,1431,StringCharAt
code-creation,Builtin,3,19479,0x6fd46e96ac0,2078,StringCodePointAt
code-creation,Builtin,3,19490,0x6fd46e97340,3448,StringEqual
code-creation,Builtin,3,19500,0x6fd46e98120,964,StringGreaterThan
tick,0x10adef556,19519,0,0x0,6
code-creation,Builtin,3,19545,0x6fd46e98560,964,StringGreaterThanOrEqual
code-creation,Builtin,3,19558,0x6fd46e989a0,2152,StringIndexOf
code-creation,Builtin,3,19569,0x6fd46e99280,964,StringLessThan
code-creation,Builtin,3,19579,0x6fd46e996c0,964,StringLessThanOrEqual
code-creation,Builtin,3,19607,0x6fd46e99b00,330,StringRepeat
code-creation,Builtin,3,19618,0x6fd46e99cc0,4472,SubString
code-creation,Builtin,3,19627,0x6fd46e9aea0,116,OrderedHashTableHealIndex
code-creation,Builtin,3,19638,0x6fd46e9af80,1203,InterpreterEntryTrampoline
code-creation,Builtin,3,19649,0x6fd46e9b4a0,89,InterpreterPushArgsThenCall
code-creation,Builtin,3,19660,0x6fd46e9b560,97,InterpreterPushUndefinedAndArgsThenCall
code-creation,Builtin,3,19671,0x6fd46e9b640,89,InterpreterPushArgsThenCallFunction
code-creation,Builtin,3,19683,0x6fd46e9b700,97,InterpreterPushUndefinedAndArgsThenCallFunction
code-creation,Builtin,3,19695,0x6fd46e9b7e0,94,InterpreterPushArgsThenCallWithFinalSpread
code-creation,Builtin,3,19707,0x6fd46e9b8a0,156,InterpreterPushArgsThenConstruct
code-creation,Builtin,3,19718,0x6fd46e9b9a0,217,InterpreterPushArgsThenConstructFunction
code-creation,Builtin,3,19730,0x6fd46e9bae0,89,InterpreterPushArgsThenConstructWithFinalSpread
code-creation,Builtin,3,19742,0x6fd46e9bba0,182,InterpreterEnterBytecodeAdvance
code-creation,Builtin,3,19753,0x6fd46e9bcc0,101,InterpreterEnterBytecodeDispatch
code-creation,Builtin,3,19765,0x6fd46e9bda0,130,InterpreterOnStackReplacement
code-creation,Builtin,3,19776,0x6fd46e9bea0,1212,CompileLazy
code-creation,Builtin,3,19785,0x6fd46e9c3c0,1372,CompileLazyDeoptimizedCode
code-creation,Builtin,3,19796,0x6fd46e9c980,928,CheckOptimizationMarker
code-creation,Builtin,3,19807,0x6fd46e9cd80,241,InstantiateAsmJs
code-creation,Builtin,3,19817,0x6fd46e9cee0,102,NotifyDeoptimized
code-creation,Builtin,3,19827,0x6fd46e9cfc0,37,ContinueToCodeStubBuiltin
code-creation,Builtin,3,19838,0x6fd46e9d060,45,ContinueToCodeStubBuiltinWithResult
code-creation,Builtin,3,19849,0x6fd46e9d100,41,ContinueToJavaScriptBuiltin
code-creation,Builtin,3,19860,0x6fd46e9d1a0,49,ContinueToJavaScriptBuiltinWithResult
code-creation,Builtin,3,19875,0x6fd46e9d240,125,OnStackReplacement
code-creation,Builtin,3,19886,0x6fd46e9d320,15,HandleApiCall
code-creation,Builtin,3,19896,0x6fd46e9d3a0,15,HandleApiCallAsFunction
code-creation,Builtin,3,19906,0x6fd46e9d420,15,HandleApiCallAsConstructor
code-creation,Builtin,3,19917,0x6fd46e9d4a0,29,AllocateInNewSpace
code-creation,Builtin,3,19927,0x6fd46e9d520,36,AllocateInOldSpace
code-creation,Builtin,3,19937,0x6fd46e9d5c0,943,CopyFastSmiOrObjectElements
code-creation,Builtin,3,19948,0x6fd46e9d9e0,688,GrowFastDoubleElements
code-creation,Builtin,3,19959,0x6fd46e9dd00,644,GrowFastSmiOrObjectElements
code-creation,Builtin,3,19970,0x6fd46e9e000,355,NewArgumentsElements
code-creation,Builtin,3,19980,0x6fd46e9e1e0,177,FrameDropperTrampoline
code-creation,Builtin,3,19991,0x6fd46e9e300,117,HandleDebuggerStatement
code-creation,Builtin,3,20001,0x6fd46e9e3e0,431,ToObject
code-creation,Builtin,3,20011,0x6fd46e9e600,211,ToBoolean
code-creation,Builtin,3,20020,0x6fd46e9e740,316,OrdinaryToPrimitive_Number
code-creation,Builtin,3,20031,0x6fd46e9e8e0,316,OrdinaryToPrimitive_String
code-creation,Builtin,3,20042,0x6fd46e9ea80,210,NonPrimitiveToPrimitive_Default
code-creation,Builtin,3,20053,0x6fd46e9ebc0,210,NonPrimitiveToPrimitive_Number
code-creation,Builtin,3,20064,0x6fd46e9ed00,210,NonPrimitiveToPrimitive_String
code-creation,Builtin,3,20075,0x6fd46e9ee40,227,StringToNumber
code-creation,Builtin,3,20085,0x6fd46e9efa0,163,ToName
code-creation,Builtin,3,20094,0x6fd46e9f0c0,665,NonNumberToNumber
code-creation,Builtin,3,20104,0x6fd46e9f3c0,625,NonNumberToNumeric
code-creation,Builtin,3,20114,0x6fd46e9f6a0,805,ToNumber
code-creation,Builtin,3,20124,0x6fd46e9fa40,661,ToNumeric
code-creation,Builtin,3,20133,0x6fd46e9fd40,431,NumberToString
code-creation,Builtin,3,20143,0x6fd46e9ff60,775,ToString
code-creation,Builtin,3,20153,0x6fd46ea02e0,614,ToInteger
code-creation,Builtin,3,20162,0x6fd46ea05c0,802,ToInteger_TruncateMinusZero
code-creation,Builtin,3,20173,0x6fd46ea0960,538,ToLength
code-creation,Builtin,3,20183,0x6fd46ea0be0,336,ClassOf
code-creation,Builtin,3,20192,0x6fd46ea0da0,240,Typeof
code-creation,Builtin,3,20201,0x6fd46ea0f00,219,GetSuperConstructor
code-creation,Builtin,3,20212,0x6fd46ea1040,223,ToBooleanLazyDeoptContinuation
code-creation,Builtin,3,20236,0x6fd46ea1180,24488,KeyedLoadIC_Megamorphic
code-creation,Builtin,3,20247,0x6fd46ea71a0,7340,KeyedLoadIC_PolymorphicName
code-creation,Builtin,3,20258,0x6fd46ea8ec0,40,KeyedLoadIC_Slow
code-creation,Builtin,3,20268,0x6fd46ea8f60,51836,KeyedStoreIC_Megamorphic
code-creation,Builtin,3,20279,0x6fd46eb5a40,44,KeyedStoreIC_Slow
code-creation,Builtin,3,20289,0x6fd46eb5ae0,40,LoadGlobalIC_Slow
code-creation,Builtin,3,20299,0x6fd46eb5b80,203,LoadField
code-creation,Builtin,3,20308,0x6fd46eb5cc0,308,LoadIC_FunctionPrototype
code-creation,Builtin,3,20319,0x6fd46eb5e60,40,LoadIC_Slow
code-creation,Builtin,3,20328,0x6fd46eb5f00,128,LoadIC_StringLength
code-creation,Builtin,3,20339,0x6fd46eb5fe0,160,LoadIC_StringWrapperLength
code-creation,Builtin,3,20349,0x6fd46eb60e0,7968,LoadIC_Uninitialized
code-creation,Builtin,3,20360,0x6fd46eb8060,44,StoreGlobalIC_Slow
code-creation,Builtin,3,20370,0x6fd46eb8100,24659,StoreIC_Uninitialized
code-creation,Builtin,3,20380,0x6fd46ebe1c0,4584,ResolveNativePromise
code-creation,Builtin,3,20391,0x6fd46ebf420,808,RejectNativePromise
code-creation,Builtin,3,20401,0x6fd46ebf7c0,9556,PerformNativePromiseThen
code-creation,Builtin,3,20411,0x6fd46ec1d80,1224,EnqueueMicrotask
code-creation,Builtin,3,20421,0x6fd46ec22c0,1176,RunMicrotasks
code-creation,Builtin,3,20431,0x6fd46ec27c0,138,PromiseResolveThenableJob
code-creation,Builtin,3,20442,0x6fd46ec28c0,6656,HasProperty
code-creation,Builtin,3,20452,0x6fd46ec4320,1515,DeleteProperty
code-creation,Builtin,3,20462,0x6fd46ec4980,25,Abort
code-creation,Builtin,3,20471,0x6fd46ec4a00,40,AbortJS
code-creation,Builtin,3,20480,0x6fd46ec4aa0,15,EmptyFunction
code-creation,Builtin,3,20490,0x6fd46ec4b20,15,Illegal
code-creation,Builtin,3,20500,0x6fd46ec4ba0,15,StrictPoisonPillThrower
code-creation,Builtin,3,20510,0x6fd46ec4c20,15,UnsupportedThrower
code-creation,Builtin,3,20520,0x6fd46ec4ca0,73,ArrayConstructor
code-creation,Builtin,3,20530,0x6fd46ec4d60,69,InternalArrayConstructor
code-creation,Builtin,3,20541,0x6fd46ec4e20,15,ArrayConcat
code-creation,Builtin,3,20550,0x6fd46ec4ea0,15,ArrayPop
code-creation,Builtin,3,20560,0x6fd46ec4f20,15,ArrayPush
code-creation,Builtin,3,20570,0x6fd46ec4fa0,15,ArrayShift
code-creation,Builtin,3,20579,0x6fd46ec5020,15,ArraySlice
code-creation,Builtin,3,20589,0x6fd46ec50a0,15,ArraySplice
code-creation,Builtin,3,20598,0x6fd46ec5120,15,ArrayUnshift
code-creation,Builtin,3,20608,0x6fd46ec51a0,1896,CloneFastJSArray
code-creation,Builtin,3,20618,0x6fd46ec5980,1750,ExtractFastJSArray
code-creation,Builtin,3,20628,0x6fd46ec60c0,7808,ArrayForEachLoopContinuation
code-creation,Builtin,3,20639,0x6fd46ec7fa0,187,ArrayForEachLoopEagerDeoptContinuation
code-creation,Builtin,3,20651,0x6fd46ec80c0,187,ArrayForEachLoopLazyDeoptContinuation
code-creation,Builtin,3,20662,0x6fd46ec81e0,8040,ArrayEveryLoopContinuation
code-creation,Builtin,3,20673,0x6fd46eca1c0,187,ArrayEveryLoopEagerDeoptContinuation
code-creation,Builtin,3,20685,0x6fd46eca2e0,591,ArrayEveryLoopLazyDeoptContinuation
code-creation,Builtin,3,20696,0x6fd46eca5a0,8032,ArraySomeLoopContinuation
code-creation,Builtin,3,20707,0x6fd46ecc560,187,ArraySomeLoopEagerDeoptContinuation
code-creation,Builtin,3,20718,0x6fd46ecc680,583,ArraySomeLoopLazyDeoptContinuation
code-creation,Builtin,3,20730,0x6fd46ecc940,11688,ArrayFilterLoopContinuation
code-creation,Builtin,3,20740,0x6fd46ecf760,187,ArrayFilterLoopEagerDeoptContinuation
code-creation,Builtin,3,20752,0x6fd46ecf880,946,ArrayFilterLoopLazyDeoptContinuation
code-creation,Builtin,3,20775,0x6fd46ecfca0,7856,ArrayMapLoopContinuation
tick,0x7fff6c7037df,20793,0,0x0,6
code-creation,Builtin,3,20807,0x6fd46ed1bc0,187,ArrayMapLoopEagerDeoptContinuation
code-creation,Builtin,3,20819,0x6fd46ed1ce0,427,ArrayMapLoopLazyDeoptContinuation
code-creation,Builtin,3,20856,0x6fd46ed1f00,7880,ArrayReduceLoopContinuation
code-creation,Builtin,3,20866,0x6fd46ed3e40,187,ArrayReduceLoopEagerDeoptContinuation
code-creation,Builtin,3,20877,0x6fd46ed3f60,187,ArrayReduceLoopLazyDeoptContinuation
code-creation,Builtin,3,20902,0x6fd46ed4080,7920,ArrayReduceRightLoopContinuation
code-creation,Builtin,3,20913,0x6fd46ed5fe0,187,ArrayReduceRightLoopEagerDeoptContinuation
code-creation,Builtin,3,20925,0x6fd46ed6100,187,ArrayReduceRightLoopLazyDeoptContinuation
code-creation,Builtin,3,20936,0x6fd46ed6220,1392,ArrayFindLoopContinuation
code-creation,Builtin,3,20947,0x6fd46ed6800,187,ArrayFindLoopEagerDeoptContinuation
code-creation,Builtin,3,20958,0x6fd46ed6920,187,ArrayFindLoopLazyDeoptContinuation
code-creation,Builtin,3,20968,0x6fd46ed6a40,387,ArrayFindLoopAfterCallbackLazyDeoptContinuation
code-creation,Builtin,3,20980,0x6fd46ed6c40,1384,ArrayFindIndexLoopContinuation
code-creation,Builtin,3,20991,0x6fd46ed7220,195,ArrayFindIndexLoopEagerDeoptContinuation
code-creation,Builtin,3,21003,0x6fd46ed7360,195,ArrayFindIndexLoopLazyDeoptContinuation
code-creation,Builtin,3,21014,0x6fd46ed74a0,391,ArrayFindIndexLoopAfterCallbackLazyDeoptContinuation
code-creation,Builtin,3,21026,0x6fd46ed76a0,15,ArrayBufferConstructor
code-creation,Builtin,3,21036,0x6fd46ed7720,15,ArrayBufferConstructor_ConstructStub
code-creation,Builtin,3,21047,0x6fd46ed77a0,15,ArrayBufferConstructor_DoNotInitialize
code-creation,Builtin,3,21059,0x6fd46ed7820,15,ArrayBufferPrototypeGetByteLength
code-creation,Builtin,3,21070,0x6fd46ed78a0,15,ArrayBufferIsView
code-creation,Builtin,3,21080,0x6fd46ed7920,15,ArrayBufferPrototypeSlice
code-creation,Builtin,3,21090,0x6fd46ed79a0,15,BigIntConstructor
code-creation,Builtin,3,21100,0x6fd46ed7a20,15,BigIntConstructor_ConstructStub
code-creation,Builtin,3,21111,0x6fd46ed7aa0,15,BigIntParseInt
code-creation,Builtin,3,21120,0x6fd46ed7b20,15,BigIntAsUintN
code-creation,Builtin,3,21130,0x6fd46ed7ba0,15,BigIntAsIntN
code-creation,Builtin,3,21139,0x6fd46ed7c20,15,BigIntPrototypeToLocaleString
code-creation,Builtin,3,21150,0x6fd46ed7ca0,15,BigIntPrototypeToString
code-creation,Builtin,3,21160,0x6fd46ed7d20,15,BigIntPrototypeValueOf
code-creation,Builtin,3,21170,0x6fd46ed7da0,15,BooleanConstructor
code-creation,Builtin,3,21180,0x6fd46ed7e20,15,BooleanConstructor_ConstructStub
code-creation,Builtin,3,21190,0x6fd46ed7ea0,15,CallSitePrototypeGetColumnNumber
code-creation,Builtin,3,21201,0x6fd46ed7f20,15,CallSitePrototypeGetEvalOrigin
code-creation,Builtin,3,21212,0x6fd46ed7fa0,15,CallSitePrototypeGetFileName
code-creation,Builtin,3,21222,0x6fd46ed8020,15,CallSitePrototypeGetFunction
code-creation,Builtin,3,21233,0x6fd46ed80a0,15,CallSitePrototypeGetFunctionName
code-creation,Builtin,3,21244,0x6fd46ed8120,15,CallSitePrototypeGetLineNumber
code-creation,Builtin,3,21254,0x6fd46ed81a0,15,CallSitePrototypeGetMethodName
code-creation,Builtin,3,21265,0x6fd46ed8220,15,CallSitePrototypeGetPosition
code-creation,Builtin,3,21276,0x6fd46ed82a0,15,CallSitePrototypeGetScriptNameOrSourceURL
code-creation,Builtin,3,21287,0x6fd46ed8320,15,CallSitePrototypeGetThis
code-creation,Builtin,3,21298,0x6fd46ed83a0,15,CallSitePrototypeGetTypeName
code-creation,Builtin,3,21308,0x6fd46ed8420,15,CallSitePrototypeIsConstructor
code-creation,Builtin,3,21319,0x6fd46ed84a0,15,CallSitePrototypeIsEval
code-creation,Builtin,3,21329,0x6fd46ed8520,15,CallSitePrototypeIsNative
code-creation,Builtin,3,21339,0x6fd46ed85a0,15,CallSitePrototypeIsToplevel
code-creation,Builtin,3,21350,0x6fd46ed8620,15,CallSitePrototypeToString
code-creation,Builtin,3,21360,0x6fd46ed86a0,15,ConsoleDebug
code-creation,Builtin,3,21370,0x6fd46ed8720,15,ConsoleError
code-creation,Builtin,3,21379,0x6fd46ed87a0,15,ConsoleInfo
code-creation,Builtin,3,21388,0x6fd46ed8820,15,ConsoleLog
code-creation,Builtin,3,21398,0x6fd46ed88a0,15,ConsoleWarn
code-creation,Builtin,3,21407,0x6fd46ed8920,15,ConsoleDir
code-creation,Builtin,3,21416,0x6fd46ed89a0,15,ConsoleDirXml
code-creation,Builtin,3,21426,0x6fd46ed8a20,15,ConsoleTable
code-creation,Builtin,3,21435,0x6fd46ed8aa0,15,ConsoleTrace
code-creation,Builtin,3,21445,0x6fd46ed8b20,15,ConsoleGroup
code-creation,Builtin,3,21454,0x6fd46ed8ba0,15,ConsoleGroupCollapsed
code-creation,Builtin,3,21464,0x6fd46ed8c20,15,ConsoleGroupEnd
code-creation,Builtin,3,21474,0x6fd46ed8ca0,15,ConsoleClear
code-creation,Builtin,3,21496,0x6fd46ed8d20,15,ConsoleCount
code-creation,Builtin,3,21505,0x6fd46ed8da0,15,ConsoleAssert
code-creation,Builtin,3,21515,0x6fd46ed8e20,15,ConsoleMarkTimeline
code-creation,Builtin,3,21525,0x6fd46ed8ea0,15,ConsoleProfile
code-creation,Builtin,3,21534,0x6fd46ed8f20,15,ConsoleProfileEnd
code-creation,Builtin,3,21544,0x6fd46ed8fa0,15,ConsoleTimeline
code-creation,Builtin,3,21556,0x6fd46ed9020,15,ConsoleTimelineEnd
code-creation,Builtin,3,21566,0x6fd46ed90a0,15,ConsoleTime
code-creation,Builtin,3,21575,0x6fd46ed9120,15,ConsoleTimeEnd
code-creation,Builtin,3,21585,0x6fd46ed91a0,15,ConsoleTimeStamp
code-creation,Builtin,3,21595,0x6fd46ed9220,15,ConsoleContext
code-creation,Builtin,3,21604,0x6fd46ed92a0,15,DataViewConstructor
code-creation,Builtin,3,21614,0x6fd46ed9320,15,DataViewConstructor_ConstructStub
code-creation,Builtin,3,21625,0x6fd46ed93a0,15,DataViewPrototypeGetBuffer
code-creation,Builtin,3,21636,0x6fd46ed9420,15,DataViewPrototypeGetByteLength
code-creation,Builtin,3,21646,0x6fd46ed94a0,15,DataViewPrototypeGetByteOffset
code-creation,Builtin,3,21657,0x6fd46ed9520,15,DataViewPrototypeGetInt8
code-creation,Builtin,3,21667,0x6fd46ed95a0,15,DataViewPrototypeSetInt8
code-creation,Builtin,3,21677,0x6fd46ed9620,15,DataViewPrototypeGetUint8
code-creation,Builtin,3,21688,0x6fd46ed96a0,15,DataViewPrototypeSetUint8
code-creation,Builtin,3,21698,0x6fd46ed9720,15,DataViewPrototypeGetInt16
code-creation,Builtin,3,21709,0x6fd46ed97a0,15,DataViewPrototypeSetInt16
code-creation,Builtin,3,21719,0x6fd46ed9820,15,DataViewPrototypeGetUint16
code-creation,Builtin,3,21729,0x6fd46ed98a0,15,DataViewPrototypeSetUint16
code-creation,Builtin,3,21740,0x6fd46ed9920,15,DataViewPrototypeGetInt32
code-creation,Builtin,3,21750,0x6fd46ed99a0,15,DataViewPrototypeSetInt32
code-creation,Builtin,3,21760,0x6fd46ed9a20,15,DataViewPrototypeGetUint32
code-creation,Builtin,3,21771,0x6fd46ed9aa0,15,DataViewPrototypeSetUint32
code-creation,Builtin,3,21781,0x6fd46ed9b20,15,DataViewPrototypeGetFloat32
code-creation,Builtin,3,21792,0x6fd46ed9ba0,15,DataViewPrototypeSetFloat32
code-creation,Builtin,3,21802,0x6fd46ed9c20,15,DataViewPrototypeGetFloat64
code-creation,Builtin,3,21813,0x6fd46ed9ca0,15,DataViewPrototypeSetFloat64
code-creation,Builtin,3,21823,0x6fd46ed9d20,15,DateConstructor
code-creation,Builtin,3,21833,0x6fd46ed9da0,15,DateConstructor_ConstructStub
code-creation,Builtin,3,21843,0x6fd46ed9e20,15,DatePrototypeGetYear
code-creation,Builtin,3,21853,0x6fd46ed9ea0,15,DatePrototypeSetYear
code-creation,Builtin,3,21863,0x6fd46ed9f20,15,DateNow
code-creation,Builtin,3,21872,0x6fd46ed9fa0,15,DateParse
code-creation,Builtin,3,21882,0x6fd46eda020,15,DatePrototypeSetDate
code-creation,Builtin,3,21892,0x6fd46eda0a0,15,DatePrototypeSetFullYear
code-creation,Builtin,3,21902,0x6fd46eda120,15,DatePrototypeSetHours
code-creation,Builtin,3,21912,0x6fd46eda1a0,15,DatePrototypeSetMilliseconds
code-creation,Builtin,3,21922,0x6fd46eda220,15,DatePrototypeSetMinutes
code-creation,Builtin,3,21933,0x6fd46eda2a0,15,DatePrototypeSetMonth
code-creation,Builtin,3,21943,0x6fd46eda320,15,DatePrototypeSetSeconds
code-creation,Builtin,3,21953,0x6fd46eda3a0,15,DatePrototypeSetTime
code-creation,Builtin,3,21963,0x6fd46eda420,15,DatePrototypeSetUTCDate
code-creation,Builtin,3,21973,0x6fd46eda4a0,15,DatePrototypeSetUTCFullYear
code-creation,Builtin,3,21983,0x6fd46eda520,15,DatePrototypeSetUTCHours
code-creation,Builtin,3,21994,0x6fd46eda5a0,15,DatePrototypeSetUTCMilliseconds
code-creation,Builtin,3,22004,0x6fd46eda620,15,DatePrototypeSetUTCMinutes
code-creation,Builtin,3,22015,0x6fd46eda6a0,15,DatePrototypeSetUTCMonth
code-creation,Builtin,3,22025,0x6fd46eda720,15,DatePrototypeSetUTCSeconds
code-creation,Builtin,3,22036,0x6fd46eda7a0,15,DatePrototypeToDateString
code-creation,Builtin,3,22046,0x6fd46eda820,15,DatePrototypeToISOString
code-creation,Builtin,3,22056,0x6fd46eda8a0,15,DatePrototypeToUTCString
code-creation,Builtin,3,22067,0x6fd46eda920,15,DatePrototypeToString
tick,0x7fff6c70352b,22095,0,0x0,6
code-creation,Builtin,3,22124,0x6fd46eda9a0,15,DatePrototypeToTimeString
code-creation,Builtin,3,22160,0x6fd46edaa20,15,DatePrototypeToJson
code-creation,Builtin,3,22171,0x6fd46edaaa0,15,DateUTC
code-creation,Builtin,3,22181,0x6fd46edab20,15,ErrorConstructor
code-creation,Builtin,3,22190,0x6fd46edaba0,15,ErrorCaptureStackTrace
code-creation,Builtin,3,22201,0x6fd46edac20,15,ErrorPrototypeToString
code-creation,Builtin,3,22211,0x6fd46edaca0,15,MakeError
code-creation,Builtin,3,22220,0x6fd46edad20,15,MakeRangeError
code-creation,Builtin,3,22230,0x6fd46edada0,15,MakeSyntaxError
code-creation,Builtin,3,22239,0x6fd46edae20,15,MakeTypeError
code-creation,Builtin,3,22249,0x6fd46edaea0,15,MakeURIError
code-creation,Builtin,3,22258,0x6fd46edaf20,15,FunctionConstructor
code-creation,Builtin,3,22268,0x6fd46edafa0,64,FunctionPrototypeApply
code-creation,Builtin,3,22279,0x6fd46edb040,15,FunctionPrototypeBind
code-creation,Builtin,3,22289,0x6fd46edb0c0,47,FunctionPrototypeCall
code-creation,Builtin,3,22299,0x6fd46edb160,559,FunctionPrototypeHasInstance
code-creation,Builtin,3,22309,0x6fd46edb400,15,FunctionPrototypeToString
code-creation,Builtin,3,22320,0x6fd46edb480,431,CreateIterResultObject
code-creation,Builtin,3,22330,0x6fd46edb6a0,1188,CreateGeneratorObject
code-creation,Builtin,3,22340,0x6fd46edbbc0,15,GeneratorFunctionConstructor
code-creation,Builtin,3,22351,0x6fd46edbc40,15,AsyncFunctionConstructor
code-creation,Builtin,3,22361,0x6fd46edbcc0,15,GlobalDecodeURI
code-creation,Builtin,3,22371,0x6fd46edbd40,15,GlobalDecodeURIComponent
code-creation,Builtin,3,22381,0x6fd46edbdc0,15,GlobalEncodeURI
code-creation,Builtin,3,22391,0x6fd46edbe40,15,GlobalEncodeURIComponent
code-creation,Builtin,3,22401,0x6fd46edbec0,15,GlobalEscape
code-creation,Builtin,3,22410,0x6fd46edbf40,15,GlobalUnescape
code-creation,Builtin,3,22420,0x6fd46edbfc0,15,GlobalEval
code-creation,Builtin,3,22429,0x6fd46edc040,15,JsonParse
code-creation,Builtin,3,22439,0x6fd46edc0c0,15,JsonStringify
code-creation,Builtin,3,22448,0x6fd46edc140,7936,LoadIC
code-creation,Builtin,3,22457,0x6fd46ede0a0,7319,LoadIC_Noninlined
code-creation,Builtin,3,22467,0x6fd46edfda0,32,LoadICTrampoline
code-creation,Builtin,3,22477,0x6fd46edfe20,11912,KeyedLoadIC
code-creation,Builtin,3,22486,0x6fd46ee2d20,32,KeyedLoadICTrampoline
code-creation,Builtin,3,22496,0x6fd46ee2da0,14416,StoreGlobalIC
code-creation,Builtin,3,22506,0x6fd46ee6660,32,StoreGlobalICTrampoline
code-creation,Builtin,3,22516,0x6fd46ee66e0,16084,StoreIC
code-creation,Builtin,3,22525,0x6fd46eea620,32,StoreICTrampoline
code-creation,Builtin,3,22535,0x6fd46eea6a0,17276,KeyedStoreIC
code-creation,Builtin,3,22545,0x6fd46eeea80,32,KeyedStoreICTrampoline
code-creation,Builtin,3,22555,0x6fd46eeeb00,5560,LoadGlobalIC
code-creation,Builtin,3,22564,0x6fd46ef0120,5516,LoadGlobalICInsideTypeof
code-creation,Builtin,3,22575,0x6fd46ef1720,32,LoadGlobalICTrampoline
code-creation,Builtin,3,22585,0x6fd46ef17a0,32,LoadGlobalICInsideTypeofTrampoline
code-creation,Builtin,3,22596,0x6fd46ef1820,1664,FindOrderedHashMapEntry
code-creation,Builtin,3,22606,0x6fd46ef1f00,15,MapPrototypeClear
code-creation,Builtin,3,22616,0x6fd46ef1f80,15,MathHypot
code-creation,Builtin,3,22625,0x6fd46ef2000,111,AllocateHeapNumber
code-creation,Builtin,3,22635,0x6fd46ef20e0,2596,NumberConstructor_ConstructStub
code-creation,Builtin,3,22646,0x6fd46ef2b80,15,NumberPrototypeToExponential
code-creation,Builtin,3,22657,0x6fd46ef2c00,15,NumberPrototypeToFixed
code-creation,Builtin,3,22667,0x6fd46ef2c80,15,NumberPrototypeToLocaleString
code-creation,Builtin,3,22677,0x6fd46ef2d00,15,NumberPrototypeToPrecision
code-creation,Builtin,3,22688,0x6fd46ef2d80,15,NumberPrototypeToString
code-creation,Builtin,3,22698,0x6fd46ef2e00,1353,Add
code-creation,Builtin,3,22707,0x6fd46ef33c0,619,Subtract
code-creation,Builtin,3,22716,0x6fd46ef36a0,766,Multiply
code-creation,Builtin,3,22725,0x6fd46ef3a00,687,Divide
code-creation,Builtin,3,22734,0x6fd46ef3d20,695,Modulus
code-creation,Builtin,3,22743,0x6fd46ef4040,665,Exponentiate
code-creation,Builtin,3,22753,0x6fd46ef4340,612,BitwiseAnd
code-creation,Builtin,3,22762,0x6fd46ef4620,612,BitwiseOr
code-creation,Builtin,3,22785,0x6fd46ef4900,612,BitwiseXor
code-creation,Builtin,3,22807,0x6fd46ef4be0,620,ShiftLeft
code-creation,Builtin,3,22816,0x6fd46ef4ec0,620,ShiftRight
code-creation,Builtin,3,22825,0x6fd46ef51a0,751,ShiftRightLogical
code-creation,Builtin,3,22835,0x6fd46ef5500,1728,LessThan
code-creation,Builtin,3,22843,0x6fd46ef5c20,1728,LessThanOrEqual
code-creation,Builtin,3,22853,0x6fd46ef6340,1728,GreaterThan
code-creation,Builtin,3,22862,0x6fd46ef6a60,1728,GreaterThanOrEqual
code-creation,Builtin,3,22871,0x6fd46ef7180,1208,Equal
code-creation,Builtin,3,22880,0x6fd46ef76a0,399,SameValue
code-creation,Builtin,3,22889,0x6fd46ef78a0,367,StrictEqual
code-creation,Builtin,3,22898,0x6fd46ef7a80,170,BitwiseNot
code-creation,Builtin,3,22907,0x6fd46ef7ba0,170,Decrement
code-creation,Builtin,3,22916,0x6fd46ef7cc0,170,Increment
code-creation,Builtin,3,22925,0x6fd46ef7de0,552,Negate
code-creation,Builtin,3,22934,0x6fd46ef8080,1764,ObjectConstructor_ConstructStub
code-creation,Builtin,3,22945,0x6fd46ef87e0,15,ObjectAssign
code-creation,Builtin,3,22954,0x6fd46ef8860,15,ObjectDefineGetter
code-creation,Builtin,3,22963,0x6fd46ef88e0,15,ObjectDefineProperties
code-creation,Builtin,3,22973,0x6fd46ef8960,15,ObjectDefineProperty
code-creation,Builtin,3,22983,0x6fd46ef89e0,15,ObjectDefineSetter
code-creation,Builtin,3,22993,0x6fd46ef8a60,15,ObjectEntries
code-creation,Builtin,3,23002,0x6fd46ef8ae0,15,ObjectFreeze
code-creation,Builtin,3,23011,0x6fd46ef8b60,15,ObjectGetOwnPropertyDescriptors
code-creation,Builtin,3,23022,0x6fd46ef8be0,15,ObjectGetOwnPropertyNames
code-creation,Builtin,3,23036,0x6fd46ef8c60,15,ObjectGetOwnPropertySymbols
code-creation,Builtin,3,23046,0x6fd46ef8ce0,15,ObjectGetPrototypeOf
code-creation,Builtin,3,23056,0x6fd46ef8d60,15,ObjectSetPrototypeOf
code-creation,Builtin,3,23065,0x6fd46ef8de0,15,ObjectIsExtensible
code-creation,Builtin,3,23075,0x6fd46ef8e60,15,ObjectIsFrozen
code-creation,Builtin,3,23084,0x6fd46ef8ee0,15,ObjectIsSealed
code-creation,Builtin,3,23094,0x6fd46ef8f60,15,ObjectLookupGetter
code-creation,Builtin,3,23103,0x6fd46ef8fe0,15,ObjectLookupSetter
code-creation,Builtin,3,23113,0x6fd46ef9060,15,ObjectPreventExtensions
code-creation,Builtin,3,23123,0x6fd46ef90e0,15,ObjectPrototypePropertyIsEnumerable
code-creation,Builtin,3,23133,0x6fd46ef9160,15,ObjectPrototypeGetProto
code-creation,Builtin,3,23143,0x6fd46ef91e0,15,ObjectPrototypeSetProto
code-creation,Builtin,3,23153,0x6fd46ef9260,15,ObjectSeal
code-creation,Builtin,3,23162,0x6fd46ef92e0,15,ObjectValues
code-creation,Builtin,3,23171,0x6fd46ef9360,447,OrdinaryHasInstance
code-creation,Builtin,3,23181,0x6fd46ef9580,549,InstanceOf
code-creation,Builtin,3,23190,0x6fd46ef9820,788,ForInEnumerate
code-creation,Builtin,3,23199,0x6fd46ef9ba0,6424,ForInFilter
code-creation,Builtin,3,23208,0x6fd46efb520,15,IsPromise
code-creation,Builtin,3,23218,0x6fd46efb5a0,744,PromiseHandleReject
code-creation,Builtin,3,23227,0x6fd46efb900,4960,PromiseHandle
code-creation,Builtin,3,23237,0x6fd46f04060,9192,PromiseResolve
code-creation,Builtin,3,23246,0x6fd46f064c0,183,ProxyConstructor
code-creation,Builtin,3,23256,0x6fd46f065e0,848,ProxyConstructor_ConstructStub
code-creation,Builtin,3,23266,0x6fd46f069a0,5424,ProxyGetProperty
code-creation,Builtin,3,23276,0x6fd46f07f40,4896,ProxyHasProperty
code-creation,Builtin,3,23285,0x6fd46f092c0,5760,ProxySetProperty
code-creation,Builtin,3,23295,0x6fd46f0a9a0,51,ReflectApply
code-creation,Builtin,3,23304,0x6fd46f0aa40,57,ReflectConstruct
code-creation,Builtin,3,23313,0x6fd46f0aae0,15,ReflectDefineProperty
code-creation,Builtin,3,23325,0x6fd46f0ab60,15,ReflectDeleteProperty
code-creation,Builtin,3,23335,0x6fd46f0abe0,15,ReflectGet
code-creation,Builtin,3,23344,0x6fd46f0ac60,15,ReflectGetOwnPropertyDescriptor
code-creation,Builtin,3,23355,0x6fd46f0ace0,15,ReflectGetPrototypeOf
code-creation,Builtin,3,23376,0x6fd46f0ad60,15,ReflectIsExtensible
code-creation,Builtin,3,23386,0x6fd46f0ade0,15,ReflectOwnKeys
code-creation,Builtin,3,23395,0x6fd46f0ae60,15,ReflectPreventExtensions
tick,0x7fff6c703940,23412,0,0x0,6
code-creation,Builtin,3,23440,0x6fd46f0aee0,15,ReflectSet
code-creation,Builtin,3,23450,0x6fd46f0af60,15,ReflectSetPrototypeOf
code-creation,Builtin,3,23460,0x6fd46f0afe0,15,RegExpCapture1Getter
code-creation,Builtin,3,23470,0x6fd46f0b060,15,RegExpCapture2Getter
code-creation,Builtin,3,23479,0x6fd46f0b0e0,15,RegExpCapture3Getter
code-creation,Builtin,3,23489,0x6fd46f0b160,15,RegExpCapture4Getter
code-creation,Builtin,3,23499,0x6fd46f0b1e0,15,RegExpCapture5Getter
code-creation,Builtin,3,23509,0x6fd46f0b260,15,RegExpCapture6Getter
code-creation,Builtin,3,23518,0x6fd46f0b2e0,15,RegExpCapture7Getter
code-creation,Builtin,3,23528,0x6fd46f0b360,15,RegExpCapture8Getter
code-creation,Builtin,3,23538,0x6fd46f0b3e0,15,RegExpCapture9Getter
code-creation,Builtin,3,23548,0x6fd46f0b460,15,RegExpInputGetter
code-creation,Builtin,3,23557,0x6fd46f0b4e0,15,RegExpInputSetter
code-creation,Builtin,3,23566,0x6fd46f0b560,15,RegExpLastMatchGetter
code-creation,Builtin,3,23576,0x6fd46f0b5e0,15,RegExpLastParenGetter
code-creation,Builtin,3,23586,0x6fd46f0b660,15,RegExpLeftContextGetter
code-creation,Builtin,3,23596,0x6fd46f0b6e0,15,RegExpPrototypeToString
code-creation,Builtin,3,23606,0x6fd46f0b760,15,RegExpRightContextGetter
code-creation,Builtin,3,23616,0x6fd46f0b7e0,1084,RegExpExecAtom
code-creation,Builtin,3,23625,0x6fd46f0bc80,28576,RegExpMatchFast
code-creation,Builtin,3,23635,0x6fd46f12c80,14337,RegExpPrototypeExecSlow
code-creation,Builtin,3,23645,0x6fd46f16500,34336,RegExpReplace
code-creation,Builtin,3,23654,0x6fd46f1eb80,4072,RegExpSearchFast
code-creation,Builtin,3,23663,0x6fd46f1fbe0,28093,RegExpSplit
code-creation,Builtin,3,23672,0x6fd46f26a00,15,SetPrototypeClear
code-creation,Builtin,3,23682,0x6fd46f26a80,15,SharedArrayBufferPrototypeGetByteLength
code-creation,Builtin,3,23693,0x6fd46f26b00,15,SharedArrayBufferPrototypeSlice
code-creation,Builtin,3,23703,0x6fd46f26b80,15,AtomicsIsLockFree
code-creation,Builtin,3,23713,0x6fd46f26c00,15,AtomicsWait
code-creation,Builtin,3,23722,0x6fd46f26c80,15,AtomicsWake
code-creation,Builtin,3,23731,0x6fd46f26d00,2552,StringConstructor_ConstructStub
code-creation,Builtin,3,23741,0x6fd46f27760,15,StringFromCodePoint
code-creation,Builtin,3,23751,0x6fd46f277e0,15,StringPrototypeEndsWith
code-creation,Builtin,3,23761,0x6fd46f27860,15,StringPrototypeLastIndexOf
code-creation,Builtin,3,23771,0x6fd46f278e0,15,StringPrototypeLocaleCompare
code-creation,Builtin,3,23782,0x6fd46f27960,15,StringPrototypeStartsWith
code-creation,Builtin,3,23792,0x6fd46f279e0,15,StringRaw
code-creation,Builtin,3,23801,0x6fd46f27a60,15,SymbolConstructor
code-creation,Builtin,3,23810,0x6fd46f27ae0,15,SymbolConstructor_ConstructStub
code-creation,Builtin,3,23821,0x6fd46f27b60,15,SymbolFor
code-creation,Builtin,3,23830,0x6fd46f27be0,15,SymbolKeyFor
code-creation,Builtin,3,23839,0x6fd46f27c60,3192,TypedArrayInitialize
code-creation,Builtin,3,23849,0x6fd46f28940,1968,TypedArrayInitializeWithBuffer
code-creation,Builtin,3,23860,0x6fd46f29160,9800,TypedArrayConstructor_ConstructStub
code-creation,Builtin,3,23870,0x6fd46f2b820,15,TypedArrayPrototypeBuffer
code-creation,Builtin,3,23881,0x6fd46f2b8a0,15,TypedArrayPrototypeCopyWithin
code-creation,Builtin,3,23895,0x6fd46f2b920,15,TypedArrayPrototypeFill
code-creation,Builtin,3,23905,0x6fd46f2b9a0,15,TypedArrayPrototypeIncludes
code-creation,Builtin,3,23918,0x6fd46f2ba20,15,TypedArrayPrototypeIndexOf
code-creation,Builtin,3,23932,0x6fd46f2baa0,15,TypedArrayPrototypeLastIndexOf
code-creation,Builtin,3,23942,0x6fd46f2bb20,15,TypedArrayPrototypeReverse
code-creation,Builtin,3,23953,0x6fd46f2bba0,15,TypedArrayPrototypeSlice
code-creation,Builtin,3,23964,0x6fd46f2bc20,205,WasmCompileLazy
code-creation,Builtin,3,23973,0x6fd46f2bd60,28,WasmStackGuard
code-creation,Builtin,3,23983,0x6fd46f2bde0,52,ThrowWasmTrapUnreachable
code-creation,Builtin,3,23993,0x6fd46f2be80,52,ThrowWasmTrapMemOutOfBounds
code-creation,Builtin,3,24003,0x6fd46f2bf20,52,ThrowWasmTrapDivByZero
code-creation,Builtin,3,24013,0x6fd46f2bfc0,52,ThrowWasmTrapDivUnrepresentable
code-creation,Builtin,3,24023,0x6fd46f2c060,52,ThrowWasmTrapRemByZero
code-creation,Builtin,3,24046,0x6fd46f2c100,52,ThrowWasmTrapFloatUnrepresentable
code-creation,Builtin,3,24061,0x6fd46f2c1a0,52,ThrowWasmTrapFuncInvalid
code-creation,Builtin,3,24074,0x6fd46f2c240,52,ThrowWasmTrapFuncSigMismatch
code-creation,Builtin,3,24086,0x6fd46f2c2e0,464,WeakMapLookupHashIndex
code-creation,Builtin,3,24096,0x6fd46f2c520,948,WeakCollectionDelete
code-creation,Builtin,3,24106,0x6fd46f2c940,1496,WeakCollectionSet
code-creation,Builtin,3,24115,0x6fd46f2cf80,442,AsyncGeneratorResolve
code-creation,Builtin,3,24125,0x6fd46f2d1a0,223,AsyncGeneratorReject
code-creation,Builtin,3,24135,0x6fd46f2d2e0,1560,AsyncGeneratorYield
code-creation,Builtin,3,24144,0x6fd46f2d960,1656,AsyncGeneratorReturn
code-creation,Builtin,3,24155,0x6fd46f2e040,484,AsyncGeneratorResumeNext
code-creation,Builtin,3,24166,0x6fd46f2e2a0,15,AsyncGeneratorFunctionConstructor
code-creation,Builtin,3,24177,0x6fd46f2e320,1472,StringToLowerCaseIntl
code-creation,Builtin,3,24187,0x6fd46f2e940,15,StringPrototypeToUpperCaseIntl
code-creation,Builtin,3,24198,0x6fd46f2e9c0,15,StringPrototypeNormalizeIntl
code-creation,Builtin,3,24211,0x6fd46f2ea40,15,NumberFormatPrototypeFormatToParts
tick,0x10ac5e48d,24452,0,0x0,6
code-creation,LazyCompile,3,24909,0x6fd46ec4aa0,15, :1:1,0x28c03705538,
code-creation,LazyCompile,3,24935,0x6fd46ec4ba0,15,,0x28c0371d098,
code-creation,LazyCompile,3,24945,0x6fd46e8ee60,568,,0x28c0371d130,
code-creation,LazyCompile,3,24955,0x6fd46e8ee60,568,,0x28c0371d1c8,
code-creation,LazyCompile,3,24965,0x6fd46e8ee60,568,,0x28c0371d290,
code-creation,LazyCompile,3,24974,0x6fd46e8ee60,568,,0x28c0371d328,
code-creation,LazyCompile,3,24984,0x6fd46e8ee60,568,,0x28c0371d3e0,
code-creation,LazyCompile,3,24993,0x6fd46e8ee60,568,,0x28c0371d498,
code-creation,LazyCompile,3,25002,0x6fd46e8ee60,568,,0x28c0371d530,
code-creation,LazyCompile,3,25012,0x6fd46e8ee60,568,,0x28c0371d5f8,
code-creation,LazyCompile,3,25021,0x6fd46e8ee60,568,,0x28c0371d690,
code-creation,LazyCompile,3,25031,0x6fd46e8ee60,568,,0x28c0371d728,
code-creation,LazyCompile,3,25040,0x6fd46e8ee60,568,,0x28c0371d7c0,
code-creation,LazyCompile,3,25075,0x6fd46e8ee60,568,,0x28c0371d858,
code-creation,LazyCompile,3,25095,0x6fd46e8ee60,568,,0x28c0371d8f0,
code-creation,LazyCompile,3,25106,0x6fd46ec4b20,15,,0x28c0371d988,
code-creation,LazyCompile,3,25116,0x6fd46ec4b20,15,,0x28c0371da20,
code-creation,LazyCompile,3,25125,0x6fd46ef87e0,15,,0x28c0371dab8,
code-creation,LazyCompile,3,25135,0x6fd46e8ee60,568,,0x28c0371db70,
code-creation,LazyCompile,3,25144,0x6fd46ef8b60,15,,0x28c0371dc38,
code-creation,LazyCompile,3,25154,0x6fd46ef8be0,15,,0x28c0371dd08,
code-creation,LazyCompile,3,25163,0x6fd46ef8c60,15,,0x28c0371ddd0,
code-creation,LazyCompile,3,25173,0x6fd46e8ee60,568,,0x28c0371de98,
code-creation,LazyCompile,3,25182,0x6fd46ef9060,15,,0x28c0371df50,
code-creation,LazyCompile,3,25192,0x6fd46ef9260,15,,0x28c0371e018,
code-creation,LazyCompile,3,25201,0x6fd46e8ee60,568,,0x28c0371e0d0,
code-creation,LazyCompile,3,25211,0x6fd46ef88e0,15,,0x28c0371e188,
code-creation,LazyCompile,3,25220,0x6fd46ef8960,15,,0x28c0371e248,
code-creation,LazyCompile,3,25230,0x6fd46ef8ae0,15,,0x28c0371e308,
code-creation,LazyCompile,3,25239,0x6fd46ef8ce0,15,,0x28c0371e3c0,
code-creation,LazyCompile,3,25249,0x6fd46ef8d60,15,,0x28c0371e480,
code-creation,LazyCompile,3,25258,0x6fd46ef8de0,15,,0x28c0371e540,
code-creation,LazyCompile,3,25268,0x6fd46ef8e60,15,,0x28c0371e600,
code-creation,LazyCompile,3,25277,0x6fd46ef8ee0,15,,0x28c0371e6b8,
code-creation,LazyCompile,3,25287,0x6fd46e8ee60,568,,0x28c0371e770,
code-creation,LazyCompile,3,25296,0x6fd46ef8a60,15,,0x28c0371e828,
code-creation,LazyCompile,3,25306,0x6fd46ef92e0,15,,0x28c0371e8e0,
code-creation,LazyCompile,3,25315,0x6fd46ef8860,15,,0x28c0371e998,
code-creation,LazyCompile,3,25328,0x6fd46ef89e0,15,,0x28c0371ea58,
code-creation,LazyCompile,3,25338,0x6fd46e8ee60,568,,0x28c0371eb18,
code-creation,LazyCompile,3,25348,0x6fd46ef8f60,15,,0x28c0371ebd8,
code-creation,LazyCompile,3,25357,0x6fd46ef8fe0,15,,0x28c0371ec98,
code-creation,LazyCompile,3,25367,0x6fd46e8ee60,568,,0x28c0371ed58,
code-creation,LazyCompile,3,25393,0x6fd46ef90e0,15,,0x28c0371ee18,
code-creation,LazyCompile,3,25403,0x6fd46e8ee60,568,,0x28c0371eee0,
code-creation,LazyCompile,3,25413,0x6fd46e8ee60,568,,0x28c0371ef78,
code-creation,LazyCompile,3,25422,0x6fd46ef9160,15,,0x28c0371f030,
code-creation,LazyCompile,3,25432,0x6fd46ef91e0,15,,0x28c0371f0f0,
code-creation,LazyCompile,3,25441,0x6fd46e8ee60,568,,0x28c0371f1b0,
code-creation,LazyCompile,3,25451,0x6fd46edaf20,15,,0x28c0371f248,
code-creation,LazyCompile,3,25460,0x6fd46edafa0,64,,0x28c0371f2e0,
code-creation,LazyCompile,3,25481,0x6fd46e8ee60,568,,0x28c0371f378,
code-creation,LazyCompile,3,25491,0x6fd46edb0c0,47,,0x28c0371f430,
code-creation,LazyCompile,3,25505,0x6fd46edb400,15,,0x28c0371f4c8,
code-creation,LazyCompile,3,25515,0x6fd46edb160,559,,0x28c0371f560,
code-creation,LazyCompile,3,25537,0x6fd46e8ee60,568,,0x28c0371f628,
tick,0x7fff6c703813,25556,0,0x0,6
code-creation,LazyCompile,3,25579,0x6fd46e8ee60,568,,0x28c0371f6c0,
code-creation,LazyCompile,3,25608,0x6fd46e8ee60,568,,0x28c0371f758,
code-creation,LazyCompile,3,25618,0x6fd46e8ee60,568,,0x28c0371f7f0,
code-creation,LazyCompile,3,25628,0x6fd46e8ee60,568,,0x28c0371f888,
code-creation,LazyCompile,3,25637,0x6fd46e8ee60,568,,0x28c0371f920,
code-creation,LazyCompile,3,25647,0x6fd46e8ee60,568,,0x28c0371f9b8,
code-creation,LazyCompile,3,25656,0x6fd46e8ee60,568,,0x28c0371fa50,
code-creation,LazyCompile,3,25666,0x6fd46e8ee60,568,,0x28c0371fae8,
code-creation,LazyCompile,3,25675,0x6fd46ec4ca0,73,,0x28c0371fb80,
code-creation,LazyCompile,3,25685,0x6fd46e8ee60,568,,0x28c0371fc38,
code-creation,LazyCompile,3,25694,0x6fd46e8ee60,568,,0x28c0371fd00,
code-creation,LazyCompile,3,25704,0x6fd46e8ee60,568,,0x28c0371fdb8,
code-creation,LazyCompile,3,25713,0x6fd46ec4e20,15,,0x28c0371fe50,
code-creation,LazyCompile,3,25723,0x6fd46e8ee60,568,,0x28c0371ff08,
code-creation,LazyCompile,3,25732,0x6fd46e8ee60,568,,0x28c0371ffc0,
code-creation,LazyCompile,3,25741,0x6fd46e8ee60,568,,0x28c03720080,
code-creation,LazyCompile,3,25751,0x6fd46e8ee60,568,,0x28c03720138,
code-creation,LazyCompile,3,25761,0x6fd46e8ee60,568,,0x28c037201f0,
code-creation,LazyCompile,3,25770,0x6fd46ec5120,15,,0x28c037202a8,
code-creation,LazyCompile,3,25779,0x6fd46e8ee60,568,,0x28c03720360,
code-creation,LazyCompile,3,25789,0x6fd46ec50a0,15,,0x28c03720418,
code-creation,LazyCompile,3,25798,0x6fd46e8ee60,568,,0x28c037204d0,
code-creation,LazyCompile,3,25808,0x6fd46e8ee60,568,,0x28c03720588,
code-creation,LazyCompile,3,25844,0x6fd46e8ee60,568,,0x28c03720640,
code-creation,LazyCompile,3,25857,0x6fd46e8ee60,568,,0x28c037206d8,
code-creation,LazyCompile,3,25870,0x6fd46e8ee60,568,,0x28c03720770,
code-creation,LazyCompile,3,25880,0x6fd46e8ee60,568,,0x28c03720828,
code-creation,LazyCompile,3,25890,0x6fd46e8ee60,568,,0x28c037208e0,
code-creation,LazyCompile,3,25900,0x6fd46e8ee60,568,,0x28c03720978,
code-creation,LazyCompile,3,25912,0x6fd46e8ee60,568,,0x28c03720a30,
code-creation,LazyCompile,3,25924,0x6fd46e8ee60,568,,0x28c03720ae8,
code-creation,LazyCompile,3,25933,0x6fd46e8ee60,568,,0x28c03720ba0,
code-creation,LazyCompile,3,25955,0x6fd46e8ee60,568,,0x28c03720c58,
code-creation,LazyCompile,3,25997,0x6fd46e8ee60,568,,0x28c03720d18,
code-creation,LazyCompile,3,26012,0x6fd46ec4b20,15,,0x28c03720db0,
code-creation,LazyCompile,3,26022,0x6fd46e8ee60,568,,0x28c03720e70,
code-creation,LazyCompile,3,26032,0x6fd46ef2b80,15,,0x28c03720f28,
code-creation,LazyCompile,3,26042,0x6fd46ef2c00,15,,0x28c03720fe8,
code-creation,LazyCompile,3,26051,0x6fd46ef2d00,15,,0x28c037210a0,
code-creation,LazyCompile,3,26061,0x6fd46ef2d80,15,,0x28c03721160,
code-creation,LazyCompile,3,26071,0x6fd46e8ee60,568,,0x28c037211f8,
code-creation,LazyCompile,3,26081,0x6fd46e8ee60,568,,0x28c03721290,
code-creation,LazyCompile,3,26090,0x6fd46e8ee60,568,,0x28c03721348,
code-creation,LazyCompile,3,26100,0x6fd46e8ee60,568,,0x28c03721408,
code-creation,LazyCompile,3,26109,0x6fd46e8ee60,568,,0x28c037214c0,
code-creation,LazyCompile,3,26119,0x6fd46e8ee60,568,,0x28c03721580,
code-creation,LazyCompile,3,26128,0x6fd46e8ee60,568,,0x28c03721640,
code-creation,LazyCompile,3,26155,0x6fd46ed7da0,15,,0x28c037216f8,
code-creation,LazyCompile,3,26165,0x6fd46e8ee60,568,,0x28c037217b0,
code-creation,LazyCompile,3,26175,0x6fd46e8ee60,568,,0x28c03721848,
code-creation,LazyCompile,3,26184,0x6fd46e8ee60,568,,0x28c037218e0,
code-creation,LazyCompile,3,26194,0x6fd46e8ee60,568,,0x28c03721998,
code-creation,LazyCompile,3,26204,0x6fd46f27760,15,,0x28c03721a58,
code-creation,LazyCompile,3,26213,0x6fd46f279e0,15,,0x28c03721b18,
code-creation,LazyCompile,3,26223,0x6fd46e8ee60,568,,0x28c03721bd0,
code-creation,LazyCompile,3,26233,0x6fd46e8ee60,568,,0x28c03721c88,
code-creation,LazyCompile,3,26242,0x6fd46e8ee60,568,,0x28c03721d40,
code-creation,LazyCompile,3,26252,0x6fd46e8ee60,568,,0x28c03721df8,
code-creation,LazyCompile,3,26261,0x6fd46e8ee60,568,,0x28c03721eb0,
code-creation,LazyCompile,3,26271,0x6fd46e8ee60,568,,0x28c03721f68,
code-creation,LazyCompile,3,26280,0x6fd46e8ee60,568,,0x28c03722028,
code-creation,LazyCompile,3,26290,0x6fd46e8ee60,568,,0x28c037220e8,
code-creation,LazyCompile,3,26300,0x6fd46f277e0,15,,0x28c03722180,
code-creation,LazyCompile,3,26309,0x6fd46e8ee60,568,,0x28c03722238,
code-creation,LazyCompile,3,26319,0x6fd46e8ee60,568,,0x28c037222f8,
code-creation,LazyCompile,3,26328,0x6fd46e8ee60,568,,0x28c037223b0,
code-creation,LazyCompile,3,26338,0x6fd46e8ee60,568,,0x28c03722468,
code-creation,LazyCompile,3,26348,0x6fd46e8ee60,568,,0x28c03722500,
code-creation,LazyCompile,3,26357,0x6fd46e8ee60,568,,0x28c03722598,
code-creation,LazyCompile,3,26367,0x6fd46f27860,15,,0x28c03722650,
code-creation,LazyCompile,3,26376,0x6fd46e8ee60,568,,0x28c037226e8,
code-creation,LazyCompile,3,26386,0x6fd46e8ee60,568,,0x28c037227a0,
code-creation,LazyCompile,3,26396,0x6fd46f2e9c0,15,,0x28c03722858,
code-creation,LazyCompile,3,26405,0x6fd46e8ee60,568,,0x28c03722918,
code-creation,LazyCompile,3,26415,0x6fd46e8ee60,568,,0x28c037229d0,
code-creation,LazyCompile,3,26425,0x6fd46e8ee60,568,,0x28c03722a88,
code-creation,LazyCompile,3,26434,0x6fd46e8ee60,568,,0x28c03722b40,
code-creation,LazyCompile,3,26444,0x6fd46e8ee60,568,,0x28c03722bf8,
code-creation,LazyCompile,3,26454,0x6fd46e8ee60,568,,0x28c03722cb0,
code-creation,LazyCompile,3,26463,0x6fd46e8ee60,568,,0x28c03722d48,
code-creation,LazyCompile,3,26473,0x6fd46e8ee60,568,,0x28c03722e00,
code-creation,LazyCompile,3,26482,0x6fd46e8ee60,568,,0x28c03722eb8,
code-creation,LazyCompile,3,26492,0x6fd46e8ee60,568,,0x28c03722f70,
code-creation,LazyCompile,3,26502,0x6fd46e8ee60,568,,0x28c03723028,
code-creation,LazyCompile,3,26511,0x6fd46e8ee60,568,,0x28c037230e0,
code-creation,LazyCompile,3,26521,0x6fd46e8ee60,568,,0x28c037231a0,
code-creation,LazyCompile,3,26530,0x6fd46f27960,15,,0x28c03723258,
code-creation,LazyCompile,3,26540,0x6fd46e8ee60,568,,0x28c03723318,
code-creation,LazyCompile,3,26549,0x6fd46e8ee60,568,,0x28c037233b0,
code-creation,LazyCompile,3,26559,0x6fd46e8ee60,568,,0x28c03723468,
code-creation,LazyCompile,3,26569,0x6fd46e8ee60,568,,0x28c03723520,
code-creation,LazyCompile,3,26578,0x6fd46e8ee60,568,,0x28c037235e0,
code-creation,LazyCompile,3,26588,0x6fd46f2e940,15,,0x28c037236a0,
code-creation,LazyCompile,3,26597,0x6fd46e8ee60,568,,0x28c03723760,
code-creation,LazyCompile,3,26607,0x6fd46e8ee60,568,,0x28c037237f8,
code-creation,LazyCompile,3,26616,0x6fd46e8ee60,568,,0x28c037238c0,
code-creation,LazyCompile,3,26626,0x6fd46ec4b20,15,,0x28c03723958,
code-creation,LazyCompile,3,26636,0x6fd46f27a60,15,,0x28c03723a18,
code-creation,LazyCompile,3,26645,0x6fd46f27b60,15,,0x28c03723ad0,
code-creation,LazyCompile,3,26655,0x6fd46f27be0,15,,0x28c03723b88,
code-creation,LazyCompile,3,26664,0x6fd46e8ee60,568,,0x28c03723c40,
code-creation,LazyCompile,3,26674,0x6fd46e8ee60,568,,0x28c03723cd8,
code-creation,LazyCompile,3,26683,0x6fd46e8ee60,568,,0x28c03723d70,
code-creation,LazyCompile,3,26693,0x6fd46ed9d20,15,,0x28c03723e38,
code-creation,LazyCompile,3,26702,0x6fd46ed9f20,15,,0x28c03723ef0,
code-creation,LazyCompile,3,26712,0x6fd46ed9fa0,15,,0x28c03723fa8,
code-creation,LazyCompile,3,26722,0x6fd46edaaa0,15,,0x28c03724060,
code-creation,LazyCompile,3,26744,0x6fd46eda920,15,,0x28c03724118,
code-creation,LazyCompile,3,26754,0x6fd46eda7a0,15,,0x28c037241b0,
code-creation,LazyCompile,3,26764,0x6fd46eda9a0,15,,0x28c03724270,
code-creation,LazyCompile,3,26773,0x6fd46eda820,15,,0x28c03724330,
code-creation,LazyCompile,3,26783,0x6fd46eda8a0,15,,0x28c037243f0,
code-creation,LazyCompile,3,26793,0x6fd46e8ee60,568,,0x28c037244b0,
code-creation,LazyCompile,3,26802,0x6fd46eda020,15,,0x28c03724568,
code-creation,LazyCompile,3,26812,0x6fd46e8ee60,568,,0x28c03724620,
code-creation,LazyCompile,3,26839,0x6fd46e8ee60,568,,0x28c037246d8,
code-creation,LazyCompile,3,26853,0x6fd46eda0a0,15,,0x28c03724798,
code-creation,LazyCompile,3,26863,0x6fd46e8ee60,568,,0x28c03724858,
code-creation,LazyCompile,3,26884,0x6fd46eda120,15,,0x28c03724910,
tick,0x7fff6c5ca592,26914,0,0x0,6
code-creation,LazyCompile,3,26932,0x6fd46e8ee60,568,,0x28c037249c8,
code-creation,LazyCompile,3,26942,0x6fd46eda1a0,15,,0x28c03724a88,
code-creation,LazyCompile,3,26952,0x6fd46e8ee60,568,,0x28c03724b48,
code-creation,LazyCompile,3,26962,0x6fd46eda220,15,,0x28c03724c08,
code-creation,LazyCompile,3,26971,0x6fd46e8ee60,568,,0x28c03724cc8,
code-creation,LazyCompile,3,26981,0x6fd46eda2a0,15,,0x28c03724d80,
code-creation,LazyCompile,3,26990,0x6fd46e8ee60,568,,0x28c03724e38,
code-creation,LazyCompile,3,27000,0x6fd46eda320,15,,0x28c03724ef8,
code-creation,LazyCompile,3,27009,0x6fd46e8ee60,568,,0x28c03724fb8,
code-creation,LazyCompile,3,27019,0x6fd46eda3a0,15,,0x28c03725070,
code-creation,LazyCompile,3,27028,0x6fd46e8ee60,568,,0x28c03725128,
code-creation,LazyCompile,3,27038,0x6fd46e8ee60,568,,0x28c037251f0,
code-creation,LazyCompile,3,27047,0x6fd46eda420,15,,0x28c037252b0,
code-creation,LazyCompile,3,27057,0x6fd46e8ee60,568,,0x28c03725370,
code-creation,LazyCompile,3,27066,0x6fd46e8ee60,568,,0x28c03725430,
code-creation,LazyCompile,3,27076,0x6fd46eda4a0,15,,0x28c037254f0,
code-creation,LazyCompile,3,27086,0x6fd46e8ee60,568,,0x28c037255b0,
code-creation,LazyCompile,3,27095,0x6fd46eda520,15,,0x28c03725670,
code-creation,LazyCompile,3,27105,0x6fd46e8ee60,568,,0x28c03725730,
code-creation,LazyCompile,3,27114,0x6fd46eda5a0,15,,0x28c037257f8,
code-creation,LazyCompile,3,27124,0x6fd46e8ee60,568,,0x28c037258c0,
code-creation,LazyCompile,3,27133,0x6fd46eda620,15,,0x28c03725980,
code-creation,LazyCompile,3,27143,0x6fd46e8ee60,568,,0x28c03725a40,
code-creation,LazyCompile,3,27152,0x6fd46eda6a0,15,,0x28c03725b00,
code-creation,LazyCompile,3,27162,0x6fd46e8ee60,568,,0x28c03725bc0,
code-creation,LazyCompile,3,27171,0x6fd46eda720,15,,0x28c03725c80,
code-creation,LazyCompile,3,27181,0x6fd46e8ee60,568,,0x28c03725d40,
code-creation,LazyCompile,3,27191,0x6fd46ed9e20,15,,0x28c03725dd8,
code-creation,LazyCompile,3,27200,0x6fd46ed9ea0,15,,0x28c03725e90,
code-creation,LazyCompile,3,27210,0x6fd46edaa20,15,,0x28c03725f48,
code-creation,LazyCompile,3,27219,0x6fd46e8ee60,568,,0x28c03726000,
code-creation,LazyCompile,3,27228,0x6fd46e8ee60,568,,0x28c037260c8,
code-creation,LazyCompile,3,27238,0x6fd46e8ee60,568,,0x28c03726160,
code-creation,LazyCompile,3,27247,0x6fd46e8ee60,568,,0x28c037261f8,
code-creation,LazyCompile,3,27257,0x6fd46e8ee60,568,,0x28c03726290,
code-creation,LazyCompile,3,27266,0x6fd46e8ee60,568,,0x28c03726358,
code-creation,LazyCompile,3,27276,0x6fd46e8ee60,568,,0x28c03726410,
code-creation,LazyCompile,3,27285,0x6fd46e8ee60,568,,0x28c037264c8,
code-creation,LazyCompile,3,27294,0x6fd46e8ee60,568,,0x28c03726580,
code-creation,LazyCompile,3,27304,0x6fd46e8ee60,568,,0x28c03726638,
code-creation,LazyCompile,3,27313,0x6fd46e8ee60,568,,0x28c037266f0,
code-creation,LazyCompile,3,27323,0x6fd46e8ee60,568,,0x28c037267a8,
code-creation,LazyCompile,3,27332,0x6fd46efb520,15,,0x28c03726840,
code-creation,LazyCompile,3,27342,0x6fd46e8ee60,568,,0x28c037268d8,
code-creation,LazyCompile,3,27351,0x6fd46e8ee60,568,,0x28c03726970,
code-creation,LazyCompile,3,27361,0x6fd46efb5a0,744,,0x28c03726a08,
code-creation,LazyCompile,3,27370,0x6fd46e8ee60,568,,0x28c03726aa0,
code-creation,LazyCompile,3,27379,0x6fd46e8ee60,568,,0x28c03726b38,
code-creation,LazyCompile,3,27403,0x6fd46e8ee60,568,,0x28c03726bd0,
code-creation,LazyCompile,3,27413,0x6fd46e8ee60,568,,0x28c03726c68,
code-creation,LazyCompile,3,27423,0x6fd46e8ee60,568,,0x28c03726d00,
code-creation,LazyCompile,3,27432,0x6fd46e8ee60,568,,0x28c03726db8,
code-creation,LazyCompile,3,27441,0x6fd46e8ee60,568,,0x28c03726e70,
code-creation,LazyCompile,3,27451,0x6fd46e8ee60,568,,0x28c03726f30,
code-creation,LazyCompile,3,27460,0x6fd46e8ee60,568,,0x28c03726ff0,
code-creation,LazyCompile,3,27470,0x6fd46e8ee60,568,,0x28c037270b0,
code-creation,LazyCompile,3,27479,0x6fd46e8ee60,568,,0x28c03727170,
code-creation,LazyCompile,3,27488,0x6fd46e8ee60,568,,0x28c03727230,
code-creation,LazyCompile,3,27498,0x6fd46e8ee60,568,,0x28c037272f0,
code-creation,LazyCompile,3,27507,0x6fd46e8ee60,568,,0x28c037273b0,
code-creation,LazyCompile,3,27517,0x6fd46e8ee60,568,,0x28c03727470,
code-creation,LazyCompile,3,27526,0x6fd46f0b6e0,15,,0x28c03727528,
code-creation,LazyCompile,3,27536,0x6fd46e8ee60,568,,0x28c037275c0,
code-creation,LazyCompile,3,27545,0x6fd46e8ee60,568,,0x28c03727678,
code-creation,LazyCompile,3,27555,0x6fd46e8ee60,568,,0x28c03727738,
code-creation,LazyCompile,3,27564,0x6fd46e8ee60,568,,0x28c037277f8,
code-creation,LazyCompile,3,27574,0x6fd46e8ee60,568,,0x28c037278b8,
code-creation,LazyCompile,3,27583,0x6fd46e8ee60,568,,0x28c03727978,
code-creation,LazyCompile,3,27592,0x6fd46f0b460,15,,0x28c03727a40,
code-creation,LazyCompile,3,27602,0x6fd46f0b4e0,15,,0x28c03727b00,
code-creation,LazyCompile,3,27612,0x6fd46f0b460,15,,0x28c03727bc0,
code-creation,LazyCompile,3,27621,0x6fd46f0b4e0,15,,0x28c03727c78,
code-creation,LazyCompile,3,27630,0x6fd46f0b560,15,,0x28c03727d30,
code-creation,LazyCompile,3,27640,0x6fd46ec4aa0,15,,0x28c03727df0,
code-creation,LazyCompile,3,27649,0x6fd46f0b560,15,,0x28c03727eb0,
code-creation,LazyCompile,3,27659,0x6fd46ec4aa0,15,,0x28c03727f68,
code-creation,LazyCompile,3,27668,0x6fd46f0b5e0,15,,0x28c03728020,
code-creation,LazyCompile,3,27678,0x6fd46ec4aa0,15,,0x28c037280e0,
code-creation,LazyCompile,3,27687,0x6fd46f0b5e0,15,,0x28c037281a0,
code-creation,LazyCompile,3,27697,0x6fd46ec4aa0,15,,0x28c03728258,
code-creation,LazyCompile,3,27706,0x6fd46f0b660,15,,0x28c03728310,
code-creation,LazyCompile,3,27716,0x6fd46ec4aa0,15,,0x28c037283d0,
code-creation,LazyCompile,3,27725,0x6fd46f0b660,15,,0x28c03728490,
code-creation,LazyCompile,3,27735,0x6fd46ec4aa0,15,,0x28c03728548,
code-creation,LazyCompile,3,27744,0x6fd46f0b760,15,,0x28c03728600,
code-creation,LazyCompile,3,27754,0x6fd46ec4aa0,15,,0x28c037286c0,
code-creation,LazyCompile,3,27763,0x6fd46f0b760,15,,0x28c03728780,
code-creation,LazyCompile,3,27773,0x6fd46ec4aa0,15,,0x28c03728838,
code-creation,LazyCompile,3,27782,0x6fd46f0afe0,15,,0x28c037288f0,
code-creation,LazyCompile,3,27792,0x6fd46ec4aa0,15,,0x28c037289a8,
code-creation,LazyCompile,3,27801,0x6fd46f0b060,15,,0x28c03728a60,
code-creation,LazyCompile,3,27811,0x6fd46ec4aa0,15,,0x28c03728b18,
code-creation,LazyCompile,3,27820,0x6fd46f0b0e0,15,,0x28c03728bd0,
code-creation,LazyCompile,3,27829,0x6fd46ec4aa0,15,,0x28c03728c88,
code-creation,LazyCompile,3,27839,0x6fd46f0b160,15,,0x28c03728d40,
code-creation,LazyCompile,3,27848,0x6fd46ec4aa0,15,,0x28c03728df8,
code-creation,LazyCompile,3,27858,0x6fd46f0b1e0,15,,0x28c03728eb0,
code-creation,LazyCompile,3,27867,0x6fd46ec4aa0,15,,0x28c03728f68,
code-creation,LazyCompile,3,27877,0x6fd46f0b260,15,,0x28c03729020,
code-creation,LazyCompile,3,27886,0x6fd46ec4aa0,15,,0x28c037290d8,
code-creation,LazyCompile,3,27896,0x6fd46f0b2e0,15,,0x28c03729190,
code-creation,LazyCompile,3,27905,0x6fd46ec4aa0,15,,0x28c03729248,
code-creation,LazyCompile,3,27914,0x6fd46f0b360,15,,0x28c03729300,
code-creation,LazyCompile,3,27924,0x6fd46ec4aa0,15,,0x28c037293b8,
code-creation,LazyCompile,3,27933,0x6fd46f0b3e0,15,,0x28c03729470,
code-creation,LazyCompile,3,27943,0x6fd46ec4aa0,15,,0x28c03729528,
code-creation,LazyCompile,3,27952,0x6fd46e8ee60,568,,0x28c037295e0,
code-creation,LazyCompile,3,27962,0x6fd46edab20,15,,0x28c03729678,
code-creation,LazyCompile,3,27971,0x6fd46edaba0,15,,0x28c03729730,
code-creation,LazyCompile,3,27994,0x6fd46edac20,15,,0x28c037297f8,
code-creation,LazyCompile,3,28003,0x6fd46edaca0,15,,0x28c03729890,
code-creation,LazyCompile,3,28013,0x6fd46edab20,15,,0x28c03729928,
code-creation,LazyCompile,3,28022,0x6fd46edab20,15,,0x28c037299e8,
code-creation,LazyCompile,3,28032,0x6fd46edad20,15,,0x28c03729aa8,
code-creation,LazyCompile,3,28042,0x6fd46edab20,15,,0x28c03729b40,
code-creation,LazyCompile,3,28051,0x6fd46edab20,15,,0x28c03729c00,
code-creation,LazyCompile,3,28061,0x6fd46edada0,15,,0x28c03729cc0,
code-creation,LazyCompile,3,28070,0x6fd46edab20,15,,0x28c03729d58,
code-creation,LazyCompile,3,28080,0x6fd46edae20,15,,0x28c03729e18,
code-creation,LazyCompile,3,28089,0x6fd46edab20,15,,0x28c03729eb0,
code-creation,LazyCompile,3,28099,0x6fd46edaea0,15,,0x28c03729f68,
code-creation,LazyCompile,3,28117,0x6fd46edab20,15,,0x28c0372a000,
tick,0x7fff6c50f7a4,28136,0,0x0,6
code-creation,LazyCompile,3,28161,0x6fd46edab20,15,,0x28c0372a0c0,
code-creation,LazyCompile,3,28174,0x6fd46edab20,15,,0x28c0372a180,
code-creation,LazyCompile,3,28185,0x6fd46edc040,15,,0x28c0372a240,
code-creation,LazyCompile,3,28195,0x6fd46edc0c0,15,,0x28c0372a2d8,
code-creation,LazyCompile,3,28205,0x6fd46e8ee60,568,,0x28c0372a398,
code-creation,LazyCompile,3,28214,0x6fd46e8ee60,568,,0x28c0372a450,
code-creation,LazyCompile,3,28224,0x6fd46e8ee60,568,,0x28c0372a508,
code-creation,LazyCompile,3,28234,0x6fd46e8ee60,568,,0x28c0372a5c0,
code-creation,LazyCompile,3,28244,0x6fd46e8ee60,568,,0x28c0372a678,
code-creation,LazyCompile,3,28253,0x6fd46e8ee60,568,,0x28c0372a730,
code-creation,LazyCompile,3,28263,0x6fd46e8ee60,568,,0x28c0372a7e8,
code-creation,LazyCompile,3,28272,0x6fd46e8ee60,568,,0x28c0372a8a0,
code-creation,LazyCompile,3,28282,0x6fd46e8ee60,568,,0x28c0372a958,
code-creation,LazyCompile,3,28291,0x6fd46e8ee60,568,,0x28c0372aa10,
code-creation,LazyCompile,3,28301,0x6fd46e8ee60,568,,0x28c0372aac8,
code-creation,LazyCompile,3,28310,0x6fd46e8ee60,568,,0x28c0372ab80,
code-creation,LazyCompile,3,28320,0x6fd46e8ee60,568,,0x28c0372ac38,
code-creation,LazyCompile,3,28329,0x6fd46e8ee60,568,,0x28c0372acf0,
code-creation,LazyCompile,3,28339,0x6fd46e8ee60,568,,0x28c0372ada8,
code-creation,LazyCompile,3,28349,0x6fd46e8ee60,568,,0x28c0372ae60,
code-creation,LazyCompile,3,28358,0x6fd46e8ee60,568,,0x28c0372af18,
code-creation,LazyCompile,3,28368,0x6fd46ef1f80,15,,0x28c0372afd0,
code-creation,LazyCompile,3,28377,0x6fd46e8ee60,568,,0x28c0372b088,
code-creation,LazyCompile,3,28387,0x6fd46e8ee60,568,,0x28c0372b140,
code-creation,LazyCompile,3,28396,0x6fd46e8ee60,568,,0x28c0372b1d8,
code-creation,LazyCompile,3,28406,0x6fd46e8ee60,568,,0x28c0372b290,
code-creation,LazyCompile,3,28416,0x6fd46e8ee60,568,,0x28c0372b348,
code-creation,LazyCompile,3,28425,0x6fd46e8ee60,568,,0x28c0372b400,
code-creation,LazyCompile,3,28435,0x6fd46e8ee60,568,,0x28c0372b4b8,
code-creation,LazyCompile,3,28445,0x6fd46e8ee60,568,,0x28c0372b570,
code-creation,LazyCompile,3,28454,0x6fd46e8ee60,568,,0x28c0372b628,
code-creation,LazyCompile,3,28464,0x6fd46e8ee60,568,,0x28c0372b6e0,
code-creation,LazyCompile,3,28474,0x6fd46e8ee60,568,,0x28c0372b798,
code-creation,LazyCompile,3,28483,0x6fd46e8ee60,568,,0x28c0372b850,
code-creation,LazyCompile,3,28493,0x6fd46e8ee60,568,,0x28c0372b908,
code-creation,LazyCompile,3,28502,0x6fd46e8ee60,568,,0x28c0372b9c0,
code-creation,LazyCompile,3,28512,0x6fd46e8ee60,568,,0x28c0372ba78,
code-creation,LazyCompile,3,28522,0x6fd46e8ee60,568,,0x28c0372bb30,
code-creation,LazyCompile,3,28531,0x6fd46e8ee60,568,,0x28c0372bbe8,
code-creation,LazyCompile,3,28541,0x6fd46ec4b20,15,,0x28c0372bca0,
code-creation,LazyCompile,3,28551,0x6fd46ed86a0,15,,0x28c0372bd58,
code-creation,LazyCompile,3,28560,0x6fd46ed8720,15,,0x28c0372be10,
code-creation,LazyCompile,3,28570,0x6fd46ed87a0,15,,0x28c0372bec8,
code-creation,LazyCompile,3,28579,0x6fd46ed8820,15,,0x28c0372bf80,
code-creation,LazyCompile,3,28606,0x6fd46ed88a0,15,,0x28c0372c018,
code-creation,LazyCompile,3,28627,0x6fd46ed8920,15,,0x28c0372c0d0,
code-creation,LazyCompile,3,28638,0x6fd46ed89a0,15,,0x28c0372c188,
code-creation,LazyCompile,3,28665,0x6fd46ed8a20,15,,0x28c0372c240,
code-creation,LazyCompile,3,28676,0x6fd46ed8aa0,15,,0x28c0372c2f8,
code-creation,LazyCompile,3,28686,0x6fd46ed8b20,15,,0x28c0372c3b0,
code-creation,LazyCompile,3,28695,0x6fd46ed8ba0,15,,0x28c0372c468,
code-creation,LazyCompile,3,28705,0x6fd46ed8c20,15,,0x28c0372c528,
code-creation,LazyCompile,3,28714,0x6fd46ed8ca0,15,,0x28c0372c5e0,
code-creation,LazyCompile,3,28724,0x6fd46ed8d20,15,,0x28c0372c698,
code-creation,LazyCompile,3,28733,0x6fd46e8ee60,568,,0x28c0372c750,
code-creation,LazyCompile,3,28743,0x6fd46ed8e20,15,,0x28c0372c808,
code-creation,LazyCompile,3,28752,0x6fd46ed8ea0,15,,0x28c0372c8c8,
code-creation,LazyCompile,3,28762,0x6fd46ed8f20,15,,0x28c0372c980,
code-creation,LazyCompile,3,28771,0x6fd46ed8fa0,15,,0x28c0372ca40,
code-creation,LazyCompile,3,28781,0x6fd46ed9020,15,,0x28c0372caf8,
code-creation,LazyCompile,3,28790,0x6fd46ed90a0,15,,0x28c0372cbb8,
code-creation,LazyCompile,3,28800,0x6fd46ed9120,15,,0x28c0372cc70,
code-creation,LazyCompile,3,28809,0x6fd46ed91a0,15,,0x28c0372cd28,
code-creation,LazyCompile,3,28819,0x6fd46ed9220,15,,0x28c0372cde8,
code-creation,LazyCompile,3,28828,0x6fd46ed76a0,15,,0x28c0372cea0,
code-creation,LazyCompile,3,28838,0x6fd46ed78a0,15,,0x28c0372cf60,
code-creation,LazyCompile,3,28847,0x6fd46ed7820,15,,0x28c0372d018,
code-creation,LazyCompile,3,28857,0x6fd46ed7920,15,,0x28c0372d0d8,
code-creation,LazyCompile,3,28866,0x6fd46e8ee60,568,,0x28c0372d170,
code-creation,LazyCompile,3,28875,0x6fd46ed77a0,15,,0x28c0372d238,
code-creation,LazyCompile,3,28885,0x6fd46ed76a0,15,,0x28c0372d310,
code-creation,LazyCompile,3,28894,0x6fd46f26a80,15,,0x28c0372d3d8,
code-creation,LazyCompile,3,28904,0x6fd46f26b00,15,,0x28c0372d498,
code-creation,LazyCompile,3,28913,0x6fd46e8ee60,568,,0x28c0372d530,
code-creation,LazyCompile,3,28923,0x6fd46e8ee60,568,,0x28c0372d5f8,
code-creation,LazyCompile,3,28932,0x6fd46e8ee60,568,,0x28c0372d6b0,
code-creation,LazyCompile,3,28942,0x6fd46e8ee60,568,,0x28c0372d768,
code-creation,LazyCompile,3,28951,0x6fd46e8ee60,568,,0x28c0372d820,
code-creation,LazyCompile,3,28961,0x6fd46e8ee60,568,,0x28c0372d8b8,
code-creation,LazyCompile,3,28970,0x6fd46e8ee60,568,,0x28c0372d970,
code-creation,LazyCompile,3,28980,0x6fd46e8ee60,568,,0x28c0372da28,
code-creation,LazyCompile,3,28989,0x6fd46e8ee60,568,,0x28c0372dae0,
code-creation,LazyCompile,3,28999,0x6fd46e8ee60,568,,0x28c0372db98,
code-creation,LazyCompile,3,29008,0x6fd46f26b80,15,,0x28c0372dc58,
code-creation,LazyCompile,3,29017,0x6fd46f26c00,15,,0x28c0372dd18,
code-creation,LazyCompile,3,29027,0x6fd46f26c80,15,,0x28c0372ddd0,
code-creation,LazyCompile,3,29036,0x6fd46e8ee60,568,,0x28c0372de88,
code-creation,LazyCompile,3,29046,0x6fd46f2b820,15,,0x28c0372df50,
code-creation,LazyCompile,3,29055,0x6fd46e8ee60,568,,0x28c0372e010,
code-creation,LazyCompile,3,29064,0x6fd46e8ee60,568,,0x28c0372e0d0,
code-creation,LazyCompile,3,29074,0x6fd46e8ee60,568,,0x28c0372e190,
code-creation,LazyCompile,3,29083,0x6fd46e8ee60,568,,0x28c0372e250,
code-creation,LazyCompile,3,29093,0x6fd46e8ee60,568,,0x28c0372e318,
code-creation,LazyCompile,3,29102,0x6fd46e8ee60,568,,0x28c0372e3b0,
code-creation,LazyCompile,3,29111,0x6fd46e8ee60,568,,0x28c0372e448,
code-creation,LazyCompile,3,29121,0x6fd46f2b8a0,15,,0x28c0372e4e0,
code-creation,LazyCompile,3,29131,0x6fd46e8ee60,568,,0x28c0372e578,
code-creation,LazyCompile,3,29140,0x6fd46f2b920,15,,0x28c0372e610,
code-creation,LazyCompile,3,29149,0x6fd46e8ee60,568,,0x28c0372e6a8,
code-creation,LazyCompile,3,29159,0x6fd46e8ee60,568,,0x28c0372e740,
code-creation,LazyCompile,3,29168,0x6fd46e8ee60,568,,0x28c0372e7d8,
code-creation,LazyCompile,3,29178,0x6fd46f2b9a0,15,,0x28c0372e870,
code-creation,LazyCompile,3,29187,0x6fd46f2ba20,15,,0x28c0372e908,
code-creation,LazyCompile,3,29197,0x6fd46f2baa0,15,,0x28c0372e9a0,
code-creation,LazyCompile,3,29207,0x6fd46e8ee60,568,,0x28c0372ea38,
code-creation,LazyCompile,3,29216,0x6fd46f2bb20,15,,0x28c0372ead0,
code-creation,LazyCompile,3,29226,0x6fd46e8ee60,568,,0x28c0372eb68,
code-creation,LazyCompile,3,29235,0x6fd46e8ee60,568,,0x28c0372ec00,
code-creation,LazyCompile,3,29257,0x6fd46e8ee60,568,,0x28c0372ec98,
code-creation,LazyCompile,3,29267,0x6fd46f2bba0,15,,0x28c0372ed50,
code-creation,LazyCompile,3,29277,0x6fd46e8ee60,568,,0x28c0372ede8,
code-creation,LazyCompile,3,29286,0x6fd46e8ee60,568,,0x28c0372ee80,
code-creation,LazyCompile,3,29296,0x6fd46e8ee60,568,,0x28c0372ef38,
code-creation,LazyCompile,3,29305,0x6fd46e8ee60,568,,0x28c0372eff8,
code-creation,LazyCompile,3,29315,0x6fd46e8ee60,568,,0x28c0372f0b8,
code-creation,LazyCompile,3,29324,0x6fd46e8ee60,568,,0x28c0372f178,
code-creation,LazyCompile,3,29334,0x6fd46e8ee60,568,,0x28c0372f238,
code-creation,LazyCompile,3,29343,0x6fd46e8ee60,568,,0x28c0372f2f8,
code-creation,LazyCompile,3,29353,0x6fd46e8ee60,568,,0x28c0372f3b8,
code-creation,LazyCompile,3,29362,0x6fd46e8ee60,568,,0x28c0372f478,
code-creation,LazyCompile,3,29372,0x6fd46e8ee60,568,,0x28c0372f538,
code-creation,LazyCompile,3,29381,0x6fd46e8ee60,568,,0x28c0372f600,
code-creation,LazyCompile,3,29391,0x6fd46ed92a0,15,,0x28c0372f6d0,
code-creation,LazyCompile,3,29411,0x6fd46ed93a0,15,,0x28c0372f788,
tick,0x10adef713,29429,0,0x0,6
code-creation,LazyCompile,3,29444,0x6fd46ed9420,15,,0x28c0372f848,
code-creation,LazyCompile,3,29455,0x6fd46ed94a0,15,,0x28c0372f908,
code-creation,LazyCompile,3,29465,0x6fd46ed9520,15,,0x28c0372f9c8,
code-creation,LazyCompile,3,29474,0x6fd46ed95a0,15,,0x28c0372fa80,
code-creation,LazyCompile,3,29483,0x6fd46ed9620,15,,0x28c0372fb38,
code-creation,LazyCompile,3,29493,0x6fd46ed96a0,15,,0x28c0372fbf0,
code-creation,LazyCompile,3,29502,0x6fd46ed9720,15,,0x28c0372fca8,
code-creation,LazyCompile,3,29512,0x6fd46ed97a0,15,,0x28c0372fd60,
code-creation,LazyCompile,3,29521,0x6fd46ed9820,15,,0x28c0372fe18,
code-creation,LazyCompile,3,29531,0x6fd46ed98a0,15,,0x28c0372fed8,
code-creation,LazyCompile,3,29540,0x6fd46ed9920,15,,0x28c0372ff98,
code-creation,LazyCompile,3,29550,0x6fd46ed99a0,15,,0x28c03730050,
code-creation,LazyCompile,3,29559,0x6fd46ed9a20,15,,0x28c03730108,
code-creation,LazyCompile,3,29568,0x6fd46ed9aa0,15,,0x28c037301c8,
code-creation,LazyCompile,3,29578,0x6fd46ed9b20,15,,0x28c03730288,
code-creation,LazyCompile,3,29588,0x6fd46ed9ba0,15,,0x28c03730348,
code-creation,LazyCompile,3,29597,0x6fd46ed9c20,15,,0x28c03730408,
code-creation,LazyCompile,3,29606,0x6fd46ed9ca0,15,,0x28c037304c8,
code-creation,LazyCompile,3,29616,0x6fd46e8ee60,568,,0x28c03730588,
code-creation,LazyCompile,3,29625,0x6fd46e8ee60,568,,0x28c03730640,
code-creation,LazyCompile,3,29635,0x6fd46e8ee60,568,,0x28c037306f8,
code-creation,LazyCompile,3,29644,0x6fd46e8ee60,568,,0x28c03730790,
code-creation,LazyCompile,3,29654,0x6fd46e8ee60,568,,0x28c03730848,
code-creation,LazyCompile,3,29663,0x6fd46ef1f00,15,,0x28c03730900,
code-creation,LazyCompile,3,29672,0x6fd46e8ee60,568,,0x28c03730998,
code-creation,LazyCompile,3,29682,0x6fd46e8ee60,568,,0x28c03730a30,
code-creation,LazyCompile,3,29691,0x6fd46e8ee60,568,,0x28c03730ac8,
code-creation,LazyCompile,3,29701,0x6fd46e8ee60,568,,0x28c03730b60,
code-creation,LazyCompile,3,29710,0x6fd46e8ee60,568,,0x28c03730c18,
code-creation,LazyCompile,3,29720,0x6fd46e8ee60,568,,0x28c03730cb0,
code-creation,LazyCompile,3,29729,0x6fd46e8ee60,568,,0x28c03730d78,
code-creation,LazyCompile,3,29738,0x6fd46e8ee60,568,,0x28c03730e30,
code-creation,LazyCompile,3,29748,0x6fd46e8ee60,568,,0x28c03730ec8,
code-creation,LazyCompile,3,29757,0x6fd46e8ee60,568,,0x28c03730f60,
code-creation,LazyCompile,3,29767,0x6fd46f26a00,15,,0x28c03730ff8,
code-creation,LazyCompile,3,29776,0x6fd46e8ee60,568,,0x28c03731090,
code-creation,LazyCompile,3,29785,0x6fd46e8ee60,568,,0x28c03731128,
code-creation,LazyCompile,3,29795,0x6fd46e8ee60,568,,0x28c037311c0,
code-creation,LazyCompile,3,29804,0x6fd46e8ee60,568,,0x28c03731278,
code-creation,LazyCompile,3,29814,0x6fd46e8ee60,568,,0x28c03731310,
code-creation,LazyCompile,3,29823,0x6fd46e8ee60,568,,0x28c037313d8,
code-creation,LazyCompile,3,29832,0x6fd46e8ee60,568,,0x28c03731490,
code-creation,LazyCompile,3,29842,0x6fd46e8ee60,568,,0x28c03731528,
code-creation,LazyCompile,3,29851,0x6fd46e8ee60,568,,0x28c037315c0,
code-creation,LazyCompile,3,29862,0x6fd46e8ee60,568,,0x28c03731658,
code-creation,LazyCompile,3,29872,0x6fd46e8ee60,568,,0x28c037316f0,
code-creation,LazyCompile,3,29881,0x6fd46e8ee60,568,,0x28c037317a8,
code-creation,LazyCompile,3,29891,0x6fd46e8ee60,568,,0x28c03731840,
code-creation,LazyCompile,3,29900,0x6fd46e8ee60,568,,0x28c037318d8,
code-creation,LazyCompile,3,29909,0x6fd46f064c0,183,,0x28c03731970,
code-creation,LazyCompile,3,29919,0x6fd46e8ee60,568,,0x28c03731a28,
code-creation,LazyCompile,3,29928,0x6fd46e8ee60,568,,0x28c03731ae8,
code-creation,LazyCompile,3,29937,0x6fd46f0aae0,15,,0x28c03731b80,
code-creation,LazyCompile,3,29947,0x6fd46f0ab60,15,,0x28c03731c18,
code-creation,LazyCompile,3,29956,0x6fd46f0a9a0,51,,0x28c03731cd8,
code-creation,LazyCompile,3,29966,0x6fd46f0aa40,57,,0x28c03731d70,
code-creation,LazyCompile,3,29975,0x6fd46f0abe0,15,,0x28c03731e30,
code-creation,LazyCompile,3,29984,0x6fd46f0ac60,15,,0x28c03731ec8,
code-creation,LazyCompile,3,29994,0x6fd46f0ace0,15,,0x28c03731f60,
code-creation,LazyCompile,3,30004,0x6fd46e8ee60,568,,0x28c03731ff8,
code-creation,LazyCompile,3,30013,0x6fd46f0ad60,15,,0x28c03732090,
code-creation,LazyCompile,3,30023,0x6fd46f0ade0,15,,0x28c03732128,
code-creation,LazyCompile,3,30032,0x6fd46f0ae60,15,,0x28c037321e0,
code-creation,LazyCompile,3,30041,0x6fd46f0aee0,15,,0x28c03732278,
code-creation,LazyCompile,3,30051,0x6fd46f0af60,15,,0x28c03732310,
code-creation,LazyCompile,3,30060,0x6fd46ec4b20,15,,0x28c037323a8,
code-creation,LazyCompile,3,30069,0x6fd46ec4b20,15,,0x28c03732468,
code-creation,LazyCompile,3,30079,0x6fd46e9d3a0,15,,0x28c03732530,
code-creation,LazyCompile,3,30088,0x6fd46e9d420,15,,0x28c037325c8,
code-creation,LazyCompile,3,30097,0x6fd46ec4d60,69,,0x28c03732660,
code-creation,LazyCompile,3,30107,0x6fd46edbbc0,15,,0x28c03732728,
code-creation,LazyCompile,3,30116,0x6fd46f2e2a0,15,,0x28c037327f0,
code-creation,LazyCompile,3,30126,0x6fd46e8ee60,568,,0x28c037328b8,
code-creation,LazyCompile,3,30135,0x6fd46ec4b20,15,,0x28c03732950,
code-creation,LazyCompile,3,30144,0x6fd46e8ee60,568,,0x28c03732a38,
code-creation,LazyCompile,3,30154,0x6fd46ec4b20,15,,0x28c03732ad0,
code-creation,LazyCompile,3,30163,0x6fd46ec4c20,15,,0x28c03732bb8,
code-creation,LazyCompile,3,30173,0x6fd46edbc40,15,,0x28c03732c70,
code-creation,LazyCompile,3,30182,0x6fd46e8ee60,568,,0x28c03732d30,
code-creation,LazyCompile,3,30191,0x6fd46e8ee60,568,,0x28c03732dc8,
code-creation,LazyCompile,3,30201,0x6fd46e8ee60,568,,0x28c03732e60,
code-creation,LazyCompile,3,30210,0x6fd46e8ee60,568,,0x28c03732ef8,
code-creation,LazyCompile,3,30219,0x6fd46e8ee60,568,,0x28c03732f90,
code-creation,LazyCompile,3,30229,0x6fd46e8ee60,568,,0x28c03733028,
code-creation,LazyCompile,3,30238,0x6fd46ec4c20,15,,0x28c037330c0,
code-creation,LazyCompile,3,30248,0x6fd46ed7ea0,15,,0x28c03733178,
code-creation,LazyCompile,3,30257,0x6fd46ed7f20,15,,0x28c03733238,
code-creation,LazyCompile,3,30267,0x6fd46ed7fa0,15,,0x28c037332f8,
code-creation,LazyCompile,3,30276,0x6fd46ed8020,15,,0x28c037333b8,
code-creation,LazyCompile,3,30286,0x6fd46ed80a0,15,,0x28c03733478,
code-creation,LazyCompile,3,30295,0x6fd46ed8120,15,,0x28c03733538,
code-creation,LazyCompile,3,30305,0x6fd46ed81a0,15,,0x28c037335f8,
code-creation,LazyCompile,3,30314,0x6fd46ed8220,15,,0x28c037336b8,
code-creation,LazyCompile,3,30323,0x6fd46ed82a0,15,,0x28c03733778,
code-creation,LazyCompile,3,30333,0x6fd46ed8320,15,,0x28c03733840,
code-creation,LazyCompile,3,30342,0x6fd46ed83a0,15,,0x28c037338f8,
code-creation,LazyCompile,3,30352,0x6fd46ed8420,15,,0x28c037339b8,
code-creation,LazyCompile,3,30361,0x6fd46ed84a0,15,,0x28c03733a78,
code-creation,LazyCompile,3,30370,0x6fd46ed8520,15,,0x28c03733b30,
code-creation,LazyCompile,3,30380,0x6fd46ed85a0,15,,0x28c03733be8,
code-creation,LazyCompile,3,30389,0x6fd46ed8620,15,,0x28c03733ca8,
code-creation,LazyCompile,3,30399,0x6fd46ec4b20,15,,0x28c03733d40,
code-creation,LazyCompile,3,30408,0x6fd46ec4d60,69,,0x28c03733dd8,
code-creation,LazyCompile,3,30417,0x6fd46edbcc0,15,,0x28c03734228,
code-creation,LazyCompile,3,30427,0x6fd46edbd40,15,,0x28c037342e8,
code-creation,LazyCompile,3,30437,0x6fd46edbdc0,15,,0x28c037343b0,
code-creation,LazyCompile,3,30447,0x6fd46edbe40,15,,0x28c03734470,
code-creation,LazyCompile,3,30457,0x6fd46edbec0,15,,0x28c03734538,
code-creation,LazyCompile,3,30466,0x6fd46edbf40,15,,0x28c037345f0,
code-creation,LazyCompile,3,30475,0x6fd46edbfc0,15,,0x28c037346a8,
code-creation,LazyCompile,3,30485,0x6fd46e8ee60,568,,0x28c03734760,
code-creation,LazyCompile,3,30494,0x6fd46e8ee60,568,,0x28c037347f8,
code-creation,LazyCompile,3,30504,0x6fd46ec4e20,15,,0x28c03734890,
tick,0x10ae43b79,30707,0,0x0,6
tick,0x10b1bc676,32000,0,0x0,5
tick,0x10a67b8a0,33290,0,0x0,5
code-creation,Script,11,33945,0x28c5c2a7b12,54, mutate.js:1:1,0x28c5c2a7738,~
code-creation,BytecodeHandler,1,34328,0x6fd46f84060,164,LdaConstant
code-creation,BytecodeHandler,1,34347,0x6fd46f84180,124,LdaZero
code-creation,BytecodeHandler,1,34362,0x6fd46f84260,80,Mov
code-creation,BytecodeHandler,1,34376,0x6fd46f84320,338,CallRuntime
code-creation,BytecodeHandler,1,34427,0x6fd46f844e0,259,StackCheck
code-creation,BytecodeHandler,1,34449,0x6fd46f84660,3136,CreateArrayLiteral
code-creation,BytecodeHandler,1,34537,0x6fd46f85300,343,StaGlobal
tick,0x0,34581,0,0x0,5
code-creation,BytecodeHandler,1,34609,0x6fd46f854c0,7300,LdaGlobal
code-creation,BytecodeHandler,1,34637,0x6fd46f871c0,9388,LdaNamedProperty
code-creation,BytecodeHandler,1,34654,0x6fd46f896e0,1816,CreateClosure
code-creation,BytecodeHandler,1,34673,0x6fd46f89e60,68,Star
code-creation,BytecodeHandler,1,34689,0x6fd46f89f20,764,CreateEmptyObjectLiteral
code-creation,BytecodeHandler,1,34704,0x6fd46f8a280,876,CallProperty2
code-creation,Builtin,3,34727,0x6fd46f8a660,3080,ArrayReduce
code-creation,LazyCompile,11,34815,0x28c5c2a84fa,37, mutate.js:15:34,0x28c5c2a7870,~
code-creation,BytecodeHandler,1,34853,0x6fd46f8b2e0,2952,CreateObjectLiteral
code-creation,BytecodeHandler,1,34908,0x6fd46f8bee0,354,StaNamedOwnProperty
code-creation,BytecodeHandler,1,34959,0x6fd46f8c0c0,908,CallProperty
code-creation,BytecodeHandler,1,34998,0x6fd46f8c4c0,363,Return
code-creation,BytecodeHandler,1,35063,0x6fd46f8c6a0,132,LdaUndefined
profiler,end
